<?xml version="1.0" encoding="utf-8"?><testsuites name="pytest tests"><testsuite name="pytest" errors="0" failures="0" skipped="0" tests="12" time="4.093" timestamp="2026-08-21T21:28:44.890044+00:00" hostname="agent-env-8e58b74a-6d40-4ec7-8dbe-489f7590a281"><testcase classname="test_bugfix_chat_and_whep_host.TestWhepHostRewrite" name="test_whip_returns_201_absolute_location" time="2.097" /><testcase classname="test_bugfix_chat_and_whep_host.TestWhepHostRewrite" name="test_stream_status_reports_publisher" time="0.025" /><testcase classname="test_bugfix_chat_and_whep_host.TestWhepHostRewrite" name="test_whep_rewrites_host_candidates[192.168.99.99-192.168.99.99]" time="0.036" /><testcase classname="test_bugfix_chat_and_whep_host.TestWhepHostRewrite" name="test_whep_rewrites_host_candidates[localhost-127.0.0.1]" time="0.035" /><testcase classname="test_bugfix_chat_and_whep_host.TestWhepHostRewrite" name="test_whep_rewrites_host_candidates[tg30.ddns.net-tg30.ddns.net]" time="0.036" /><testcase classname="test_bugfix_chat_and_whep_host.TestWhepHostRewrite" name="test_whep_rewrites_host_candidates[192.168.1.42:8080-192.168.1.42]" time="0.045" /><testcase classname="test_bugfix_chat_and_whep_host.TestWhepHostRewrite" name="test_srflx_candidates_untouched" time="0.031" /><testcase classname="test_bugfix_chat_and_whep_host.TestWhepHostRewrite" name="test_whip_answer_rewrites_host_candidates" time="0.060" /><testcase classname="test_bugfix_chat_and_whep_host.TestHostWsChatAfterRefresh" name="test_host_ws_sends_chat_history_and_toys_lock_on_connect" time="0.364" /><testcase classname="test_bugfix_chat_and_whep_host.TestHostWsChatAfterRefresh" name="test_host_chat_immediately_after_connect_broadcasts" time="0.441" /><testcase classname="test_bugfix_chat_and_whep_host.TestToysLockRegression" name="test_lock_fires_toy_stop_and_sets_locked" time="0.573" /><testcase classname="test_bugfix_chat_and_whep_host.TestToysLockRegression" name="test_no_mongo_object_id_leak" time="0.176" /></testsuite></testsuites>