<?xml version="1.0" encoding="utf-8"?><testsuites name="pytest tests"><testsuite name="pytest" errors="0" failures="1" skipped="0" tests="124" time="146.258" timestamp="2026-08-22T09:46:28.642226+00:00" hostname="agent-env-8e58b74a-6d40-4ec7-8dbe-489f7590a281"><testcase classname="backend_test.TestAuth" name="test_login_invalid" time="0.425" /><testcase classname="backend_test.TestAuth" name="test_login_success_and_cookie" time="0.330" /><testcase classname="backend_test.TestAuth" name="test_me_requires_auth" time="0.101" /><testcase classname="backend_test.TestAuth" name="test_me_with_bearer" time="0.377" /><testcase classname="backend_test.TestCodes" name="test_create_code" time="0.045" /><testcase classname="backend_test.TestCodes" name="test_list_contains_created" time="0.044" /><testcase classname="backend_test.TestCodes" name="test_validate_public_valid" time="0.127" /><testcase classname="backend_test.TestCodes" name="test_validate_unknown" time="0.094" /><testcase classname="backend_test.TestCodes" name="test_add_minutes" time="0.048" /><testcase classname="backend_test.TestCodes" name="test_revoke" time="0.147" /><testcase classname="backend_test.TestCodes" name="test_add_minutes_unrevokes" time="0.151" /><testcase classname="backend_test.TestCodes" name="test_delete" time="0.146" /><testcase classname="backend_test.TestCodes" name="test_minutes_validation" time="0.043" /><testcase classname="backend_test.TestSession" name="test_state_requires_auth" time="0.098" /><testcase classname="backend_test.TestSession" name="test_state" time="0.043" /><testcase classname="backend_test.TestSession" name="test_stop" time="0.043" /><testcase classname="backend_test.TestSession" name="test_skip" time="0.041" /><testcase classname="backend_test" name="test_ws_relay_and_validation" time="2.106" /><testcase classname="backend_test" name="test_ws_queue_promotion" time="0.181" /><testcase classname="backend_test" name="test_ws_time_expiry" time="2.197" /><testcase classname="backend_test" name="test_ws_rejects_invalid_code" time="0.004" /><testcase classname="backend_test.TestSettings" name="test_get_settings_requires_auth" time="0.132" /><testcase classname="backend_test.TestSettings" name="test_get_default_settings" time="0.043" /><testcase classname="backend_test.TestSettings" name="test_put_settings_persists_and_reflects_in_session_state" time="0.128"><failure message="AssertionError: assert {'min_depth':...x_depth': 100} == {'min_depth':...ax_speed': 70}&#10;  &#10;  Omitting 2 identical items, use -vv to show&#10;  Left contains 1 more item:&#10;  {'max_depth': 100}&#10;  Use -v to get more diff">E   AssertionError: assert {'min_depth':...x_depth': 100} == {'min_depth':...ax_speed': 70}
      
      Omitting 2 identical items, use -vv to show
      Left contains 1 more item:
      {'max_depth': 100}
      Use -v to get more diff</failure></testcase><testcase classname="backend_test.TestSettings" name="test_put_settings_validation" time="0.087" /><testcase classname="backend_test.TestSettings" name="test_reset_settings" time="0.044" /><testcase classname="backend_test" name="test_ws_clamp_depth_and_speed" time="0.180" /><testcase classname="test_audit_logs.TestAdminActionsAuditLog" name="test_login_and_code_lifecycle_writes_audit" time="0.981" /><testcase classname="test_audit_logs.TestAdminActionsAuditLog" name="test_settings_urls_session_events" time="0.688" /><testcase classname="test_audit_logs.TestLoginFailedAndLockout" name="test_failed_and_lockout_events" time="0.817" /><testcase classname="test_audit_logs" name="test_ws_session_events" time="1.612" /><testcase classname="test_audit_logs.TestLogFiltering" name="test_category_filter" time="0.090" /><testcase classname="test_audit_logs.TestLogFiltering" name="test_q_filter_matches_target" time="0.428" /><testcase classname="test_audit_logs.TestLogFiltering" name="test_pagination_total_and_skip" time="0.088" /><testcase classname="test_audit_logs.TestExport" name="test_csv_export" time="0.048" /><testcase classname="test_audit_logs.TestExport" name="test_json_export" time="0.055" /><testcase classname="test_audit_logs.TestClearLogs" name="test_delete_clears_and_writes_logs_cleared" time="0.432" /><testcase classname="test_bugfix_chat_and_whep_host.TestWhepHostRewrite" name="test_whip_returns_201_absolute_location" time="2.094" /><testcase classname="test_bugfix_chat_and_whep_host.TestWhepHostRewrite" name="test_stream_status_reports_publisher" time="0.025" /><testcase classname="test_bugfix_chat_and_whep_host.TestWhepHostRewrite" name="test_whep_rewrites_host_candidates[192.168.99.99-192.168.99.99]" time="0.036" /><testcase classname="test_bugfix_chat_and_whep_host.TestWhepHostRewrite" name="test_whep_rewrites_host_candidates[localhost-127.0.0.1]" time="0.034" /><testcase classname="test_bugfix_chat_and_whep_host.TestWhepHostRewrite" name="test_whep_rewrites_host_candidates[tg30.ddns.net-90.210.68.208]" time="0.063" /><testcase classname="test_bugfix_chat_and_whep_host.TestWhepHostRewrite" name="test_whep_rewrites_host_candidates[192.168.1.42:8080-192.168.1.42]" time="0.037" /><testcase classname="test_bugfix_chat_and_whep_host.TestWhepHostRewrite" name="test_srflx_candidates_untouched" time="0.034" /><testcase classname="test_bugfix_chat_and_whep_host.TestWhepHostRewrite" name="test_whip_answer_rewrites_host_candidates" time="0.060" /><testcase classname="test_bugfix_chat_and_whep_host.TestHostWsChatAfterRefresh" name="test_host_ws_sends_chat_history_and_toys_lock_on_connect" time="0.338" /><testcase classname="test_bugfix_chat_and_whep_host.TestHostWsChatAfterRefresh" name="test_host_chat_immediately_after_connect_broadcasts" time="0.447" /><testcase classname="test_bugfix_chat_and_whep_host.TestToysLockRegression" name="test_lock_fires_toy_stop_and_sets_locked" time="0.576" /><testcase classname="test_bugfix_chat_and_whep_host.TestToysLockRegression" name="test_no_mongo_object_id_leak" time="0.176" /><testcase classname="test_guest_activation_external" name="test_access_get_external_valid_and_invalid" time="0.848" /><testcase classname="test_guest_activation_external" name="test_external_wss_guest_becomes_active" time="0.566" /><testcase classname="test_guest_activation_external" name="test_external_wss_rejects_invalid_code" time="0.168" /><testcase classname="test_guest_activation_external" name="test_external_wss_rejects_revoked_code" time="0.316" /><testcase classname="test_hr_websocket" name="test_overlay_state_has_hr_keys" time="0.141" /><testcase classname="test_hr_websocket" name="test_ws_hr_rejects_without_token" time="0.133" /><testcase classname="test_hr_websocket" name="test_ws_hr_rejects_bad_token" time="0.138" /><testcase classname="test_hr_websocket" name="test_ws_hr_authenticated_updates_telemetry" time="4.551" /><testcase classname="test_hr_websocket" name="test_ws_hr_disconnect_resets" time="1.785" /><testcase classname="test_hr_websocket" name="test_overlay_ws_receives_hr_frame" time="0.819" /><testcase classname="test_lockout.TestLoginLockout" name="test_1_five_wrong_then_429_on_sixth" time="1.751" /><testcase classname="test_lockout.TestLoginLockout" name="test_2_correct_password_blocked_while_locked" time="1.845" /><testcase classname="test_lockout.TestClearOnSuccess" name="test_3_success_resets_counter" time="1.641" /><testcase classname="test_lockout.Test2FALoginLockout" name="test_4_2fa_login_wrong_five_then_429" time="2.099" /><testcase classname="test_lockout.Test2FALoginLockout" name="test_5_2fa_correct_totp_resets_counter" time="1.833" /><testcase classname="test_lockout.Test2FASetupAndDisableLockout" name="test_6_setup_verify_wrong_code_lockout" time="1.051" /><testcase classname="test_lockout.Test2FASetupAndDisableLockout" name="test_7_disable_wrong_code_lockout" time="1.775" /><testcase classname="test_overlay.TestOverlayRestPublic" name="test_overlay_state_no_auth" time="0.417" /><testcase classname="test_overlay.TestOverlayWebSocket" name="test_ws_connect_and_initial_frame" time="0.003" /><testcase classname="test_overlay.TestOverlayWebSocket" name="test_telemetry_updates_via_relay_and_clamp" time="18.488" /><testcase classname="test_regression_core" name="test_setup_status" time="0.102" /><testcase classname="test_regression_core" name="test_admin_login_returns_jwt" time="0.324" /><testcase classname="test_regression_core" name="test_overlay_state" time="0.095" /><testcase classname="test_regression_core" name="test_invalid_access_code" time="0.094" /><testcase classname="test_security_hardening.TestSetupRegression" name="test_setup_status_no_setup_needed" time="0.107" /><testcase classname="test_security_hardening.TestSetupRegression" name="test_setup_post_returns_403_not_500" time="0.099" /><testcase classname="test_security_hardening.TestLoginCookie" name="test_login_sets_access_token_cookie" time="0.227" /><testcase classname="test_security_hardening.TestMalformedObjectId" name="test_revoke_malformed_returns_404" time="0.567" /><testcase classname="test_security_hardening.TestMalformedObjectId" name="test_add_minutes_malformed_returns_404" time="0.200" /><testcase classname="test_security_hardening.TestMalformedObjectId" name="test_delete_malformed_returns_404" time="0.192" /><testcase classname="test_security_hardening.TestAccessLockout" name="test_1_valid_code_returns_valid" time="0.206" /><testcase classname="test_security_hardening.TestAccessLockout" name="test_2_valid_code_clears_prior_failures" time="1.093" /><testcase classname="test_security_hardening.TestAccessLockout" name="test_3_five_invalid_then_429_on_sixth" time="0.831" /><testcase classname="test_security_hardening.TestCodeCrudRegression" name="test_full_crud_lifecycle" time="0.398" /><testcase classname="test_security_hardening.TestSettingsRegression" name="test_get_put_settings" time="0.197" /><testcase classname="test_security_hardening.TestTwoFAEnrollReachable" name="test_setup_start_returns_provisioning" time="0.117" /><testcase classname="test_security_hardening.TestTwoFAEnrollReachable" name="test_2fa_status_disabled" time="0.060" /><testcase classname="test_security_hardening.TestAuditLogsRegression" name="test_logs_return_and_category_filter" time="0.598" /><testcase classname="test_setup_and_urls" name="test_setup_status_needs_setup_false" time="0.130" /><testcase classname="test_setup_and_urls" name="test_setup_post_forbidden_when_admin_exists" time="0.090" /><testcase classname="test_setup_and_urls" name="test_login_returns_token_and_cookie" time="0.327" /><testcase classname="test_setup_and_urls" name="test_get_settings_has_url_fields" time="0.368" /><testcase classname="test_setup_and_urls" name="test_put_settings_urls_persists" time="0.189" /><testcase classname="test_setup_and_urls" name="test_put_settings_still_returns_url_fields" time="0.045" /><testcase classname="test_setup_and_urls" name="test_settings_urls_requires_auth" time="0.096" /><testcase classname="test_setup_and_urls" name="test_overlay_state_endpoint" time="0.094" /><testcase classname="test_stream_whip_whep" name="test_status_idle_baseline" time="0.096" /><testcase classname="test_stream_whip_whep" name="test_whep_before_publisher_returns_409" time="0.210" /><testcase classname="test_stream_whip_whep" name="test_whip_empty_body_returns_400" time="0.090" /><testcase classname="test_stream_whip_whep" name="test_options_preflight" time="0.140" /><testcase classname="test_stream_whip_whep" name="test_full_whip_whep_flow" time="6.073" /><testcase classname="test_stream_whip_whep" name="test_second_publisher_replaces_first" time="46.324" /><testcase classname="test_twofa.TestTwoFA" name="test_1_status_initially_disabled" time="21.057" /><testcase classname="test_twofa.TestTwoFA" name="test_2_setup_start_returns_secret_and_qr" time="0.104" /><testcase classname="test_twofa.TestTwoFA" name="test_3_verify_wrong_code_400" time="0.102" /><testcase classname="test_twofa.TestTwoFA" name="test_4_verify_correct_code_enables" time="0.218" /><testcase classname="test_twofa.TestTwoFA" name="test_5_login_returns_mfa_required" time="0.317" /><testcase classname="test_twofa.TestTwoFA" name="test_6_2fa_login_wrong_code_401" time="0.100" /><testcase classname="test_twofa.TestTwoFA" name="test_7_2fa_login_correct_totp" time="0.104" /><testcase classname="test_twofa.TestTwoFA" name="test_8_recovery_code_works_and_is_single_use" time="0.893" /><testcase classname="test_twofa.TestTwoFA" name="test_9_disable_with_totp" time="0.670" /><testcase classname="test_twofa.TestTwoFA" name="test_10_login_works_without_mfa_after_disable" time="0.331" /><testcase classname="test_whep_external_url" name="test_whep_via_public_url_returns_ip_literal_candidates" time="2.339" /><testcase classname="test_whep_host_ip_resolution.TestFqdnResolution" name="test_fqdn_host_becomes_ipv4_literal[tg30.ddns.net]" time="2.146" /><testcase classname="test_whep_host_ip_resolution.TestFqdnResolution" name="test_fqdn_host_becomes_ipv4_literal[google.com]" time="0.082" /><testcase classname="test_whep_host_ip_resolution.TestFqdnResolution" name="test_no_fqdn_anywhere_in_host_candidates" time="0.036" /><testcase classname="test_whep_host_ip_resolution.TestLiteralAndLocalhost" name="test_host_rewrite[192.168.1.42-192.168.1.42]" time="0.050" /><testcase classname="test_whep_host_ip_resolution.TestLiteralAndLocalhost" name="test_host_rewrite[10.0.0.5:8080-10.0.0.5]" time="0.036" /><testcase classname="test_whep_host_ip_resolution.TestLiteralAndLocalhost" name="test_host_rewrite[localhost-127.0.0.1]" time="0.035" /><testcase classname="test_whep_host_ip_resolution.TestLiteralAndLocalhost" name="test_host_rewrite[127.0.0.1-127.0.0.1]" time="0.035" /><testcase classname="test_whep_host_ip_resolution.TestLiteralAndLocalhost" name="test_host_rewrite[[::1]:8001-127.0.0.1]" time="0.036" /><testcase classname="test_whep_host_ip_resolution.TestSdpHygiene" name="test_answer_uses_crlf_only" time="0.036" /><testcase classname="test_whep_host_ip_resolution.TestSdpHygiene" name="test_srflx_candidates_untouched" time="0.034" /><testcase classname="test_whep_host_ip_resolution.TestSdpHygiene" name="test_unresolvable_host_leaves_candidates_untouched" time="0.072" /><testcase classname="test_whep_host_ip_resolution.TestWhipHostRewriteLast" name="test_whip_answer_host_rewrite" time="0.215" /></testsuite></testsuites>