<?xml version="1.0" encoding="utf-8"?><testsuites name="pytest tests"><testsuite name="pytest" errors="0" failures="3" skipped="0" tests="111" time="92.590" timestamp="2026-08-21T21:34:48.872862+00:00" hostname="agent-env-8e58b74a-6d40-4ec7-8dbe-489f7590a281"><testcase classname="backend_test.TestAuth" name="test_login_invalid" time="0.601" /><testcase classname="backend_test.TestAuth" name="test_login_success_and_cookie" time="0.363" /><testcase classname="backend_test.TestAuth" name="test_me_requires_auth" time="0.130" /><testcase classname="backend_test.TestAuth" name="test_me_with_bearer" time="0.437" /><testcase classname="backend_test.TestCodes" name="test_create_code" time="0.075" /><testcase classname="backend_test.TestCodes" name="test_list_contains_created" time="0.070" /><testcase classname="backend_test.TestCodes" name="test_validate_public_valid" time="0.145" /><testcase classname="backend_test.TestCodes" name="test_validate_unknown" time="0.178" /><testcase classname="backend_test.TestCodes" name="test_add_minutes" time="0.077" /><testcase classname="backend_test.TestCodes" name="test_revoke" time="0.205" /><testcase classname="backend_test.TestCodes" name="test_add_minutes_unrevokes" time="0.251" /><testcase classname="backend_test.TestCodes" name="test_delete" time="0.206" /><testcase classname="backend_test.TestCodes" name="test_minutes_validation" time="0.071" /><testcase classname="backend_test.TestSession" name="test_state_requires_auth" time="0.128" /><testcase classname="backend_test.TestSession" name="test_state" time="0.110" /><testcase classname="backend_test.TestSession" name="test_stop" time="0.092" /><testcase classname="backend_test.TestSession" name="test_skip" time="0.065" /><testcase classname="backend_test" name="test_ws_relay_and_validation" time="2.157" /><testcase classname="backend_test" name="test_ws_queue_promotion" time="0.288" /><testcase classname="backend_test" name="test_ws_time_expiry" time="2.582" /><testcase classname="backend_test" name="test_ws_rejects_invalid_code" time="0.004" /><testcase classname="backend_test.TestSettings" name="test_get_settings_requires_auth" time="0.180" /><testcase classname="backend_test.TestSettings" name="test_get_default_settings" time="0.086" /><testcase classname="backend_test.TestSettings" name="test_put_settings_persists_and_reflects_in_session_state" time="0.213"><failure message="AssertionError: assert {'min_depth':...x_depth': 100} == {'min_depth':...ax_speed': 70}&#10;  &#10;  Omitting 2 identical items, use -vv to show&#10;  Left contains 1 more item:&#10;  {'max_depth': 100}&#10;  Use -v to get more diff">E   AssertionError: assert {'min_depth':...x_depth': 100} == {'min_depth':...ax_speed': 70}
      
      Omitting 2 identical items, use -vv to show
      Left contains 1 more item:
      {'max_depth': 100}
      Use -v to get more diff</failure></testcase><testcase classname="backend_test.TestSettings" name="test_put_settings_validation" time="0.132" /><testcase classname="backend_test.TestSettings" name="test_reset_settings" time="0.069" /><testcase classname="backend_test" name="test_ws_clamp_depth_and_speed" time="0.288" /><testcase classname="test_audit_logs.TestAdminActionsAuditLog" name="test_login_and_code_lifecycle_writes_audit" time="1.160" /><testcase classname="test_audit_logs.TestAdminActionsAuditLog" name="test_settings_urls_session_events" time="0.852" /><testcase classname="test_audit_logs.TestLoginFailedAndLockout" name="test_failed_and_lockout_events" time="1.138" /><testcase classname="test_audit_logs" name="test_ws_session_events" time="1.718" /><testcase classname="test_audit_logs.TestLogFiltering" name="test_category_filter" time="0.174" /><testcase classname="test_audit_logs.TestLogFiltering" name="test_q_filter_matches_target" time="0.519" /><testcase classname="test_audit_logs.TestLogFiltering" name="test_pagination_total_and_skip" time="0.138" /><testcase classname="test_audit_logs.TestExport" name="test_csv_export" time="0.081" /><testcase classname="test_audit_logs.TestExport" name="test_json_export" time="0.089" /><testcase classname="test_audit_logs.TestClearLogs" name="test_delete_clears_and_writes_logs_cleared" time="0.523" /><testcase classname="test_bugfix_chat_and_whep_host.TestWhepHostRewrite" name="test_whip_returns_201_absolute_location" time="2.097" /><testcase classname="test_bugfix_chat_and_whep_host.TestWhepHostRewrite" name="test_stream_status_reports_publisher" time="0.025" /><testcase classname="test_bugfix_chat_and_whep_host.TestWhepHostRewrite" name="test_whep_rewrites_host_candidates[192.168.99.99-192.168.99.99]" time="0.036" /><testcase classname="test_bugfix_chat_and_whep_host.TestWhepHostRewrite" name="test_whep_rewrites_host_candidates[localhost-127.0.0.1]" time="0.034" /><testcase classname="test_bugfix_chat_and_whep_host.TestWhepHostRewrite" name="test_whep_rewrites_host_candidates[tg30.ddns.net-tg30.ddns.net]" time="0.034" /><testcase classname="test_bugfix_chat_and_whep_host.TestWhepHostRewrite" name="test_whep_rewrites_host_candidates[192.168.1.42:8080-192.168.1.42]" time="0.034" /><testcase classname="test_bugfix_chat_and_whep_host.TestWhepHostRewrite" name="test_srflx_candidates_untouched" time="0.034" /><testcase classname="test_bugfix_chat_and_whep_host.TestWhepHostRewrite" name="test_whip_answer_rewrites_host_candidates" time="0.059" /><testcase classname="test_bugfix_chat_and_whep_host.TestHostWsChatAfterRefresh" name="test_host_ws_sends_chat_history_and_toys_lock_on_connect" time="0.371" /><testcase classname="test_bugfix_chat_and_whep_host.TestHostWsChatAfterRefresh" name="test_host_chat_immediately_after_connect_broadcasts" time="0.443" /><testcase classname="test_bugfix_chat_and_whep_host.TestToysLockRegression" name="test_lock_fires_toy_stop_and_sets_locked" time="0.576" /><testcase classname="test_bugfix_chat_and_whep_host.TestToysLockRegression" name="test_no_mongo_object_id_leak" time="0.175" /><testcase classname="test_guest_activation_external" name="test_access_get_external_valid_and_invalid" time="1.187" /><testcase classname="test_guest_activation_external" name="test_external_wss_guest_becomes_active" time="0.674" /><testcase classname="test_guest_activation_external" name="test_external_wss_rejects_invalid_code" time="0.279" /><testcase classname="test_guest_activation_external" name="test_external_wss_rejects_revoked_code" time="0.532" /><testcase classname="test_hr_websocket" name="test_overlay_state_has_hr_keys" time="0.171" /><testcase classname="test_hr_websocket" name="test_ws_hr_rejects_without_token" time="0.196" /><testcase classname="test_hr_websocket" name="test_ws_hr_rejects_bad_token" time="0.342" /><testcase classname="test_hr_websocket" name="test_ws_hr_authenticated_updates_telemetry" time="4.890" /><testcase classname="test_hr_websocket" name="test_ws_hr_disconnect_resets" time="1.870" /><testcase classname="test_hr_websocket" name="test_overlay_ws_receives_hr_frame" time="1.147" /><testcase classname="test_lockout.TestLoginLockout" name="test_1_five_wrong_then_429_on_sixth" time="1.977" /><testcase classname="test_lockout.TestLoginLockout" name="test_2_correct_password_blocked_while_locked" time="2.261" /><testcase classname="test_lockout.TestClearOnSuccess" name="test_3_success_resets_counter" time="1.845" /><testcase classname="test_lockout.Test2FALoginLockout" name="test_4_2fa_login_wrong_five_then_429" time="2.667" /><testcase classname="test_lockout.Test2FALoginLockout" name="test_5_2fa_correct_totp_resets_counter" time="2.326"><failure message="AssertionError: assert {'_id': ObjectId('6a88c4a1197279a84a133f44'), 'identifier': '104.198.214.223:2fa:admin@ossm.local', 'count': 3, 'updated': 1787348130.12612} is None">E   AssertionError: assert {'_id': ObjectId('6a88c4a1197279a84a133f44'), 'identifier': '104.198.214.223:2fa:admin@ossm.local', 'count': 3, 'updated': 1787348130.12612} is None</failure></testcase><testcase classname="test_lockout.Test2FASetupAndDisableLockout" name="test_6_setup_verify_wrong_code_lockout" time="1.408" /><testcase classname="test_lockout.Test2FASetupAndDisableLockout" name="test_7_disable_wrong_code_lockout" time="2.210" /><testcase classname="test_overlay.TestOverlayRestPublic" name="test_overlay_state_no_auth" time="0.512" /><testcase classname="test_overlay.TestOverlayWebSocket" name="test_ws_connect_and_initial_frame" time="0.003" /><testcase classname="test_overlay.TestOverlayWebSocket" name="test_telemetry_updates_via_relay_and_clamp" time="18.316" /><testcase classname="test_regression_core" name="test_setup_status" time="0.145" /><testcase classname="test_regression_core" name="test_admin_login_returns_jwt" time="0.366" /><testcase classname="test_regression_core" name="test_overlay_state" time="0.170" /><testcase classname="test_regression_core" name="test_invalid_access_code" time="0.160" /><testcase classname="test_security_hardening.TestSetupRegression" name="test_setup_status_no_setup_needed" time="0.174" /><testcase classname="test_security_hardening.TestSetupRegression" name="test_setup_post_returns_403_not_500" time="0.131" /><testcase classname="test_security_hardening.TestLoginCookie" name="test_login_sets_access_token_cookie" time="0.226" /><testcase classname="test_security_hardening.TestMalformedObjectId" name="test_revoke_malformed_returns_404" time="0.735" /><testcase classname="test_security_hardening.TestMalformedObjectId" name="test_add_minutes_malformed_returns_404" time="0.403" /><testcase classname="test_security_hardening.TestMalformedObjectId" name="test_delete_malformed_returns_404" time="0.360" /><testcase classname="test_security_hardening.TestAccessLockout" name="test_1_valid_code_returns_valid" time="0.318" /><testcase classname="test_security_hardening.TestAccessLockout" name="test_2_valid_code_clears_prior_failures" time="1.446" /><testcase classname="test_security_hardening.TestAccessLockout" name="test_3_five_invalid_then_429_on_sixth" time="0.839"><failure message="AssertionError: {&quot;valid&quot;:false}&#10;assert 200 == 429&#10; +  where 200 = &lt;Response [200]&gt;.status_code">E   AssertionError: {"valid":false}
    assert 200 == 429
     +  where 200 = &lt;Response [200]&gt;.status_code</failure></testcase><testcase classname="test_security_hardening.TestCodeCrudRegression" name="test_full_crud_lifecycle" time="0.560" /><testcase classname="test_security_hardening.TestSettingsRegression" name="test_get_put_settings" time="0.317" /><testcase classname="test_security_hardening.TestTwoFAEnrollReachable" name="test_setup_start_returns_provisioning" time="0.147" /><testcase classname="test_security_hardening.TestTwoFAEnrollReachable" name="test_2fa_status_disabled" time="0.093" /><testcase classname="test_security_hardening.TestAuditLogsRegression" name="test_logs_return_and_category_filter" time="0.838" /><testcase classname="test_setup_and_urls" name="test_setup_status_needs_setup_false" time="0.153" /><testcase classname="test_setup_and_urls" name="test_setup_post_forbidden_when_admin_exists" time="0.137" /><testcase classname="test_setup_and_urls" name="test_login_returns_token_and_cookie" time="0.420" /><testcase classname="test_setup_and_urls" name="test_get_settings_has_url_fields" time="0.550" /><testcase classname="test_setup_and_urls" name="test_put_settings_urls_persists" time="0.405" /><testcase classname="test_setup_and_urls" name="test_put_settings_still_returns_url_fields" time="0.092" /><testcase classname="test_setup_and_urls" name="test_settings_urls_requires_auth" time="0.133" /><testcase classname="test_setup_and_urls" name="test_overlay_state_endpoint" time="0.141" /><testcase classname="test_stream_whip_whep" name="test_status_idle_baseline" time="0.236" /><testcase classname="test_stream_whip_whep" name="test_whep_before_publisher_returns_409" time="0.284" /><testcase classname="test_stream_whip_whep" name="test_whip_empty_body_returns_400" time="0.115" /><testcase classname="test_stream_whip_whep" name="test_options_preflight" time="0.149" /><testcase classname="test_stream_whip_whep" name="test_full_whip_whep_flow" time="6.374" /><testcase classname="test_stream_whip_whep" name="test_second_publisher_replaces_first" time="7.228" /><testcase classname="test_twofa.TestTwoFA" name="test_1_status_initially_disabled" time="0.491" /><testcase classname="test_twofa.TestTwoFA" name="test_2_setup_start_returns_secret_and_qr" time="0.171" /><testcase classname="test_twofa.TestTwoFA" name="test_3_verify_wrong_code_400" time="0.146" /><testcase classname="test_twofa.TestTwoFA" name="test_4_verify_correct_code_enables" time="0.319" /><testcase classname="test_twofa.TestTwoFA" name="test_5_login_returns_mfa_required" time="0.352" /><testcase classname="test_twofa.TestTwoFA" name="test_6_2fa_login_wrong_code_401" time="0.144" /><testcase classname="test_twofa.TestTwoFA" name="test_7_2fa_login_correct_totp" time="0.137" /><testcase classname="test_twofa.TestTwoFA" name="test_8_recovery_code_works_and_is_single_use" time="1.101" /><testcase classname="test_twofa.TestTwoFA" name="test_9_disable_with_totp" time="0.843" /><testcase classname="test_twofa.TestTwoFA" name="test_10_login_works_without_mfa_after_disable" time="0.431" /></testsuite></testsuites>