<?xml version="1.0" encoding="utf-8"?><testsuites name="pytest tests"><testsuite name="pytest" errors="0" failures="9" skipped="0" tests="111" time="524.407" timestamp="2026-08-21T21:06:16.851299+00:00" hostname="agent-env-8e58b74a-6d40-4ec7-8dbe-489f7590a281"><testcase classname="backend_test.TestAuth" name="test_login_invalid" time="0.666" /><testcase classname="backend_test.TestAuth" name="test_login_success_and_cookie" time="0.342" /><testcase classname="backend_test.TestAuth" name="test_me_requires_auth" time="0.128" /><testcase classname="backend_test.TestAuth" name="test_me_with_bearer" time="0.437" /><testcase classname="backend_test.TestCodes" name="test_create_code" time="0.079" /><testcase classname="backend_test.TestCodes" name="test_list_contains_created" time="0.072" /><testcase classname="backend_test.TestCodes" name="test_validate_public_valid" time="0.198" /><testcase classname="backend_test.TestCodes" name="test_validate_unknown" time="0.214" /><testcase classname="backend_test.TestCodes" name="test_add_minutes" time="0.090" /><testcase classname="backend_test.TestCodes" name="test_revoke" time="0.227" /><testcase classname="backend_test.TestCodes" name="test_add_minutes_unrevokes" time="0.294" /><testcase classname="backend_test.TestCodes" name="test_delete" time="0.181" /><testcase classname="backend_test.TestCodes" name="test_minutes_validation" time="0.053" /><testcase classname="backend_test.TestSession" name="test_state_requires_auth" time="0.140" /><testcase classname="backend_test.TestSession" name="test_state" time="0.081" /><testcase classname="backend_test.TestSession" name="test_stop" time="0.071" /><testcase classname="backend_test.TestSession" name="test_skip" time="0.070" /><testcase classname="backend_test" name="test_ws_relay_and_validation" time="2.162" /><testcase classname="backend_test" name="test_ws_queue_promotion" time="0.275" /><testcase classname="backend_test" name="test_ws_time_expiry" time="2.287" /><testcase classname="backend_test" name="test_ws_rejects_invalid_code" time="0.004" /><testcase classname="backend_test.TestSettings" name="test_get_settings_requires_auth" time="0.203" /><testcase classname="backend_test.TestSettings" name="test_get_default_settings" time="0.066" /><testcase classname="backend_test.TestSettings" name="test_put_settings_persists_and_reflects_in_session_state" time="0.203"><failure message="AssertionError: assert {'min_depth':...x_depth': 100} == {'min_depth':...ax_speed': 70}&#10;  &#10;  Omitting 2 identical items, use -vv to show&#10;  Left contains 1 more item:&#10;  {'max_depth': 100}&#10;  &#10;  Full diff:&#10;    {...&#10;  &#10;  ...Full output truncated (4 lines hidden), use '-vv' to show">E   AssertionError: assert {'min_depth':...x_depth': 100} == {'min_depth':...ax_speed': 70}
      
      Omitting 2 identical items, use -vv to show
      Left contains 1 more item:
      {'max_depth': 100}
      
      Full diff:
        {...
      
      ...Full output truncated (4 lines hidden), use '-vv' to show</failure></testcase><testcase classname="backend_test.TestSettings" name="test_put_settings_validation" time="0.115" /><testcase classname="backend_test.TestSettings" name="test_reset_settings" time="0.064" /><testcase classname="backend_test" name="test_ws_clamp_depth_and_speed" time="0.330" /><testcase classname="test_audit_logs.TestAdminActionsAuditLog" name="test_login_and_code_lifecycle_writes_audit" time="1.120" /><testcase classname="test_audit_logs.TestAdminActionsAuditLog" name="test_settings_urls_session_events" time="0.943" /><testcase classname="test_audit_logs.TestLoginFailedAndLockout" name="test_failed_and_lockout_events" time="0.920" /><testcase classname="test_audit_logs" name="test_ws_session_events" time="1.698" /><testcase classname="test_audit_logs.TestLogFiltering" name="test_category_filter" time="0.129" /><testcase classname="test_audit_logs.TestLogFiltering" name="test_q_filter_matches_target" time="0.547" /><testcase classname="test_audit_logs.TestLogFiltering" name="test_pagination_total_and_skip" time="0.146" /><testcase classname="test_audit_logs.TestExport" name="test_csv_export" time="0.097" /><testcase classname="test_audit_logs.TestExport" name="test_json_export" time="0.086" /><testcase classname="test_audit_logs.TestClearLogs" name="test_delete_clears_and_writes_logs_cleared" time="0.543" /><testcase classname="test_bugfix_chat_and_whep_host.TestWhepHostRewrite" name="test_whip_returns_201_absolute_location" time="2.103" /><testcase classname="test_bugfix_chat_and_whep_host.TestWhepHostRewrite" name="test_stream_status_reports_publisher" time="0.025" /><testcase classname="test_bugfix_chat_and_whep_host.TestWhepHostRewrite" name="test_whep_rewrites_host_candidates[192.168.99.99-192.168.99.99]" time="0.036" /><testcase classname="test_bugfix_chat_and_whep_host.TestWhepHostRewrite" name="test_whep_rewrites_host_candidates[localhost-127.0.0.1]" time="0.035" /><testcase classname="test_bugfix_chat_and_whep_host.TestWhepHostRewrite" name="test_whep_rewrites_host_candidates[tg30.ddns.net-tg30.ddns.net]" time="0.033" /><testcase classname="test_bugfix_chat_and_whep_host.TestWhepHostRewrite" name="test_whep_rewrites_host_candidates[192.168.1.42:8080-192.168.1.42]" time="0.034" /><testcase classname="test_bugfix_chat_and_whep_host.TestWhepHostRewrite" name="test_whip_answer_rewrites_host_candidates" time="20.075"><failure message="httpx.ConnectTimeout">E   httpcore.ConnectTimeout

The above exception was the direct cause of the following exception:
E   httpx.ConnectTimeout</failure></testcase><testcase classname="test_bugfix_chat_and_whep_host.TestWhepHostRewrite" name="test_srflx_candidates_untouched" time="0.082" /><testcase classname="test_bugfix_chat_and_whep_host.TestHostWsChatAfterRefresh" name="test_host_ws_sends_chat_history_and_toys_lock_on_connect" time="414.385" /><testcase classname="test_bugfix_chat_and_whep_host.TestHostWsChatAfterRefresh" name="test_host_chat_immediately_after_connect_broadcasts" time="0.443" /><testcase classname="test_bugfix_chat_and_whep_host.TestToysLockRegression" name="test_lock_fires_toy_stop_and_sets_locked" time="0.575" /><testcase classname="test_bugfix_chat_and_whep_host.TestToysLockRegression" name="test_no_mongo_object_id_leak" time="0.176" /><testcase classname="test_guest_activation_external" name="test_access_get_external_valid_and_invalid" time="1.473" /><testcase classname="test_guest_activation_external" name="test_external_wss_guest_becomes_active" time="0.491" /><testcase classname="test_guest_activation_external" name="test_external_wss_rejects_invalid_code" time="0.265" /><testcase classname="test_guest_activation_external" name="test_external_wss_rejects_revoked_code" time="0.581" /><testcase classname="test_hr_websocket" name="test_overlay_state_has_hr_keys" time="0.184" /><testcase classname="test_hr_websocket" name="test_ws_hr_rejects_without_token" time="0.000"><failure message="RuntimeError: There is no current event loop in thread 'MainThread'.">E   RuntimeError: There is no current event loop in thread 'MainThread'.</failure></testcase><testcase classname="test_hr_websocket" name="test_ws_hr_rejects_bad_token" time="0.000"><failure message="RuntimeError: There is no current event loop in thread 'MainThread'.">E   RuntimeError: There is no current event loop in thread 'MainThread'.</failure></testcase><testcase classname="test_hr_websocket" name="test_ws_hr_authenticated_updates_telemetry" time="0.358"><failure message="RuntimeError: There is no current event loop in thread 'MainThread'.">E   RuntimeError: There is no current event loop in thread 'MainThread'.</failure></testcase><testcase classname="test_hr_websocket" name="test_ws_hr_disconnect_resets" time="0.000"><failure message="RuntimeError: There is no current event loop in thread 'MainThread'.">E   RuntimeError: There is no current event loop in thread 'MainThread'.</failure></testcase><testcase classname="test_hr_websocket" name="test_overlay_ws_receives_hr_frame" time="0.000"><failure message="RuntimeError: There is no current event loop in thread 'MainThread'.">E   RuntimeError: There is no current event loop in thread 'MainThread'.</failure></testcase><testcase classname="test_lockout.TestLoginLockout" name="test_1_five_wrong_then_429_on_sixth" time="2.055" /><testcase classname="test_lockout.TestLoginLockout" name="test_2_correct_password_blocked_while_locked" time="2.226" /><testcase classname="test_lockout.TestClearOnSuccess" name="test_3_success_resets_counter" time="1.823" /><testcase classname="test_lockout.Test2FALoginLockout" name="test_4_2fa_login_wrong_five_then_429" time="2.814" /><testcase classname="test_lockout.Test2FALoginLockout" name="test_5_2fa_correct_totp_resets_counter" time="2.659" /><testcase classname="test_lockout.Test2FASetupAndDisableLockout" name="test_6_setup_verify_wrong_code_lockout" time="2.785" /><testcase classname="test_lockout.Test2FASetupAndDisableLockout" name="test_7_disable_wrong_code_lockout" time="2.220" /><testcase classname="test_overlay.TestOverlayRestPublic" name="test_overlay_state_no_auth" time="0.519" /><testcase classname="test_overlay.TestOverlayWebSocket" name="test_ws_connect_and_initial_frame" time="0.003" /><testcase classname="test_overlay.TestOverlayWebSocket" name="test_telemetry_updates_via_relay_and_clamp" time="28.396" /><testcase classname="test_regression_core" name="test_setup_status" time="0.153" /><testcase classname="test_regression_core" name="test_admin_login_returns_jwt" time="0.383" /><testcase classname="test_regression_core" name="test_overlay_state" time="0.639" /><testcase classname="test_regression_core" name="test_invalid_access_code" time="0.142" /><testcase classname="test_security_hardening.TestSetupRegression" name="test_setup_status_no_setup_needed" time="0.134" /><testcase classname="test_security_hardening.TestSetupRegression" name="test_setup_post_returns_403_not_500" time="0.150" /><testcase classname="test_security_hardening.TestLoginCookie" name="test_login_sets_access_token_cookie" time="0.226" /><testcase classname="test_security_hardening.TestMalformedObjectId" name="test_revoke_malformed_returns_404" time="0.645" /><testcase classname="test_security_hardening.TestMalformedObjectId" name="test_add_minutes_malformed_returns_404" time="0.278" /><testcase classname="test_security_hardening.TestMalformedObjectId" name="test_delete_malformed_returns_404" time="0.286" /><testcase classname="test_security_hardening.TestAccessLockout" name="test_1_valid_code_returns_valid" time="1.525" /><testcase classname="test_security_hardening.TestAccessLockout" name="test_2_valid_code_clears_prior_failures" time="1.496" /><testcase classname="test_security_hardening.TestAccessLockout" name="test_3_five_invalid_then_429_on_sixth" time="1.246" /><testcase classname="test_security_hardening.TestCodeCrudRegression" name="test_full_crud_lifecycle" time="0.520" /><testcase classname="test_security_hardening.TestSettingsRegression" name="test_get_put_settings" time="0.308" /><testcase classname="test_security_hardening.TestTwoFAEnrollReachable" name="test_setup_start_returns_provisioning" time="0.096" /><testcase classname="test_security_hardening.TestTwoFAEnrollReachable" name="test_2fa_status_disabled" time="0.076" /><testcase classname="test_security_hardening.TestAuditLogsRegression" name="test_logs_return_and_category_filter" time="0.590" /><testcase classname="test_setup_and_urls" name="test_setup_status_needs_setup_false" time="0.125" /><testcase classname="test_setup_and_urls" name="test_setup_post_forbidden_when_admin_exists" time="0.189" /><testcase classname="test_setup_and_urls" name="test_login_returns_token_and_cookie" time="0.380" /><testcase classname="test_setup_and_urls" name="test_get_settings_has_url_fields" time="0.526" /><testcase classname="test_setup_and_urls" name="test_put_settings_urls_persists" time="0.522" /><testcase classname="test_setup_and_urls" name="test_put_settings_still_returns_url_fields" time="0.090" /><testcase classname="test_setup_and_urls" name="test_settings_urls_requires_auth" time="0.167" /><testcase classname="test_setup_and_urls" name="test_overlay_state_endpoint" time="0.146" /><testcase classname="test_stream_whip_whep" name="test_status_idle_baseline" time="0.149" /><testcase classname="test_stream_whip_whep" name="test_whep_before_publisher_returns_409" time="0.332" /><testcase classname="test_stream_whip_whep" name="test_whip_empty_body_returns_400" time="0.129" /><testcase classname="test_stream_whip_whep" name="test_options_preflight" time="0.179" /><testcase classname="test_stream_whip_whep" name="test_full_whip_whep_flow" time="0.244"><failure message="requests.exceptions.ConnectionError: HTTPSConnectionPool(host='stream-control-hub-14.preview.emergentagent.comhttp', port=443): Max retries exceeded with url: //stream-control-hub-14.cluster-7.preview.emergentcf.cloud/api/whip/071d84fb6a9234be (Caused by NameResolutionError(&quot;HTTPSConnection(host='stream-control-hub-14.preview.emergentagent.comhttp', port=443): Failed to resolve 'stream-control-hub-14.preview.emergentagent.comhttp' ([Errno -2] Name or service not known)&quot;))">E   AssertionError: http://stream-control-hub-14.cluster-7.preview.emergentcf.cloud/api/whip/071d84fb6a9234be
    assert False
     +  where False = &lt;built-in method startswith of str object at 0xfb7930133ea0&gt;('/api/whip/')
     +    where &lt;built-in method startswith of str object at 0xfb7930133ea0&gt; = 'http://stream-control-hub-14.cluster-7.preview.emergentcf.cloud/api/whip/071d84fb6a9234be'.startswith

During handling of the above exception, another exception occurred:
E   socket.gaierror: [Errno -2] Name or service not known

The above exception was the direct cause of the following exception:
E   urllib3.exceptions.NameResolutionError: HTTPSConnection(host='stream-control-hub-14.preview.emergentagent.comhttp', port=443): Failed to resolve 'stream-control-hub-14.preview.emergentagent.comhttp' ([Errno -2] Name or service not known)

The above exception was the direct cause of the following exception:
E   urllib3.exceptions.MaxRetryError: HTTPSConnectionPool(host='stream-control-hub-14.preview.emergentagent.comhttp', port=443): Max retries exceeded with url: //stream-control-hub-14.cluster-7.preview.emergentcf.cloud/api/whip/071d84fb6a9234be (Caused by NameResolutionError("HTTPSConnection(host='stream-control-hub-14.preview.emergentagent.comhttp', port=443): Failed to resolve 'stream-control-hub-14.preview.emergentagent.comhttp' ([Errno -2] Name or service not known)"))

During handling of the above exception, another exception occurred:
E   requests.exceptions.ConnectionError: HTTPSConnectionPool(host='stream-control-hub-14.preview.emergentagent.comhttp', port=443): Max retries exceeded with url: //stream-control-hub-14.cluster-7.preview.emergentcf.cloud/api/whip/071d84fb6a9234be (Caused by NameResolutionError("HTTPSConnection(host='stream-control-hub-14.preview.emergentagent.comhttp', port=443): Failed to resolve 'stream-control-hub-14.preview.emergentagent.comhttp' ([Errno -2] Name or service not known)"))</failure></testcase><testcase classname="test_stream_whip_whep" name="test_second_publisher_replaces_first" time="5.811"><failure message="requests.exceptions.ConnectionError: HTTPSConnectionPool(host='stream-control-hub-14.preview.emergentagent.comhttp', port=443): Max retries exceeded with url: //stream-control-hub-14.cluster-7.preview.emergentcf.cloud/api/whip/341af48295dd8891 (Caused by NameResolutionError(&quot;HTTPSConnection(host='stream-control-hub-14.preview.emergentagent.comhttp', port=443): Failed to resolve 'stream-control-hub-14.preview.emergentagent.comhttp' ([Errno -2] Name or service not known)&quot;))">E   socket.gaierror: [Errno -2] Name or service not known

The above exception was the direct cause of the following exception:
E   urllib3.exceptions.NameResolutionError: HTTPSConnection(host='stream-control-hub-14.preview.emergentagent.comhttp', port=443): Failed to resolve 'stream-control-hub-14.preview.emergentagent.comhttp' ([Errno -2] Name or service not known)

The above exception was the direct cause of the following exception:
E   urllib3.exceptions.MaxRetryError: HTTPSConnectionPool(host='stream-control-hub-14.preview.emergentagent.comhttp', port=443): Max retries exceeded with url: //stream-control-hub-14.cluster-7.preview.emergentcf.cloud/api/whip/341af48295dd8891 (Caused by NameResolutionError("HTTPSConnection(host='stream-control-hub-14.preview.emergentagent.comhttp', port=443): Failed to resolve 'stream-control-hub-14.preview.emergentagent.comhttp' ([Errno -2] Name or service not known)"))

During handling of the above exception, another exception occurred:
E   requests.exceptions.ConnectionError: HTTPSConnectionPool(host='stream-control-hub-14.preview.emergentagent.comhttp', port=443): Max retries exceeded with url: //stream-control-hub-14.cluster-7.preview.emergentcf.cloud/api/whip/341af48295dd8891 (Caused by NameResolutionError("HTTPSConnection(host='stream-control-hub-14.preview.emergentagent.comhttp', port=443): Failed to resolve 'stream-control-hub-14.preview.emergentagent.comhttp' ([Errno -2] Name or service not known)"))</failure></testcase><testcase classname="test_twofa.TestTwoFA" name="test_1_status_initially_disabled" time="0.523" /><testcase classname="test_twofa.TestTwoFA" name="test_2_setup_start_returns_secret_and_qr" time="0.176" /><testcase classname="test_twofa.TestTwoFA" name="test_3_verify_wrong_code_400" time="0.145" /><testcase classname="test_twofa.TestTwoFA" name="test_4_verify_correct_code_enables" time="0.263" /><testcase classname="test_twofa.TestTwoFA" name="test_5_login_returns_mfa_required" time="0.442" /><testcase classname="test_twofa.TestTwoFA" name="test_6_2fa_login_wrong_code_401" time="0.135" /><testcase classname="test_twofa.TestTwoFA" name="test_7_2fa_login_correct_totp" time="0.147" /><testcase classname="test_twofa.TestTwoFA" name="test_8_recovery_code_works_and_is_single_use" time="0.987" /><testcase classname="test_twofa.TestTwoFA" name="test_9_disable_with_totp" time="0.802" /><testcase classname="test_twofa.TestTwoFA" name="test_10_login_works_without_mfa_after_disable" time="0.453" /></testsuite></testsuites>