<?xml version="1.0" encoding="utf-8"?><testsuites name="pytest tests"><testsuite name="pytest" errors="0" failures="0" skipped="0" tests="6" time="8.046" timestamp="2026-07-30T10:46:37.368182+00:00" hostname="agent-env-892730f4-c8d4-47a1-a14b-d2a3f4a9a969"><testcase classname="test_hr_websocket" name="test_overlay_state_has_hr_keys" time="0.279" /><testcase classname="test_hr_websocket" name="test_ws_hr_rejects_without_token" time="0.171" /><testcase classname="test_hr_websocket" name="test_ws_hr_rejects_bad_token" time="0.151" /><testcase classname="test_hr_websocket" name="test_ws_hr_authenticated_updates_telemetry" time="4.712" /><testcase classname="test_hr_websocket" name="test_ws_hr_disconnect_resets" time="1.833" /><testcase classname="test_hr_websocket" name="test_overlay_ws_receives_hr_frame" time="0.851" /></testsuite></testsuites>