<?xml version="1.0" encoding="utf-8"?><testsuites name="pytest tests"><testsuite name="pytest" errors="0" failures="0" skipped="0" tests="69" time="51.487" timestamp="2026-07-30T08:02:15.256545+00:00" hostname="agent-env-892730f4-c8d4-47a1-a14b-d2a3f4a9a969"><testcase classname="backend_test.TestAuth" name="test_login_invalid" time="0.357" /><testcase classname="backend_test.TestAuth" name="test_login_success_and_cookie" time="0.322" /><testcase classname="backend_test.TestAuth" name="test_me_requires_auth" time="0.096" /><testcase classname="backend_test.TestAuth" name="test_me_with_bearer" time="0.364" /><testcase classname="backend_test.TestCodes" name="test_create_code" time="0.048" /><testcase classname="backend_test.TestCodes" name="test_list_contains_created" time="0.044" /><testcase classname="backend_test.TestCodes" name="test_validate_public_valid" time="0.095" /><testcase classname="backend_test.TestCodes" name="test_validate_unknown" time="0.114" /><testcase classname="backend_test.TestCodes" name="test_add_minutes" time="0.046" /><testcase classname="backend_test.TestCodes" name="test_revoke" time="0.142" /><testcase classname="backend_test.TestCodes" name="test_add_minutes_unrevokes" time="0.158" /><testcase classname="backend_test.TestCodes" name="test_delete" time="0.141" /><testcase classname="backend_test.TestCodes" name="test_minutes_validation" time="0.046" /><testcase classname="backend_test.TestSession" name="test_state_requires_auth" time="0.112" /><testcase classname="backend_test.TestSession" name="test_state" time="0.046" /><testcase classname="backend_test.TestSession" name="test_stop" time="0.045" /><testcase classname="backend_test.TestSession" name="test_skip" time="0.044" /><testcase classname="backend_test" name="test_ws_relay_and_validation" time="2.112" /><testcase classname="backend_test" name="test_ws_queue_promotion" time="0.191" /><testcase classname="backend_test" name="test_ws_time_expiry" time="2.854" /><testcase classname="backend_test" name="test_ws_rejects_invalid_code" time="0.004" /><testcase classname="backend_test.TestSettings" name="test_get_settings_requires_auth" time="0.154" /><testcase classname="backend_test.TestSettings" name="test_get_default_settings" time="0.044" /><testcase classname="backend_test.TestSettings" name="test_put_settings_persists_and_reflects_in_session_state" time="0.134" /><testcase classname="backend_test.TestSettings" name="test_put_settings_validation" time="0.088" /><testcase classname="backend_test.TestSettings" name="test_reset_settings" time="0.045" /><testcase classname="backend_test" name="test_ws_clamp_depth_and_speed" time="0.194" /><testcase classname="test_audit_logs.TestAdminActionsAuditLog" name="test_login_and_code_lifecycle_writes_audit" time="0.982" /><testcase classname="test_audit_logs.TestAdminActionsAuditLog" name="test_settings_urls_session_events" time="0.668" /><testcase classname="test_audit_logs.TestLoginFailedAndLockout" name="test_failed_and_lockout_events" time="0.853" /><testcase classname="test_audit_logs" name="test_ws_session_events" time="1.634" /><testcase classname="test_audit_logs.TestLogFiltering" name="test_category_filter" time="0.097" /><testcase classname="test_audit_logs.TestLogFiltering" name="test_q_filter_matches_target" time="0.437" /><testcase classname="test_audit_logs.TestLogFiltering" name="test_pagination_total_and_skip" time="0.094" /><testcase classname="test_audit_logs.TestExport" name="test_csv_export" time="0.044" /><testcase classname="test_audit_logs.TestExport" name="test_json_export" time="0.044" /><testcase classname="test_audit_logs.TestClearLogs" name="test_delete_clears_and_writes_logs_cleared" time="0.475" /><testcase classname="test_guest_activation_external" name="test_access_get_external_valid_and_invalid" time="0.818" /><testcase classname="test_guest_activation_external" name="test_external_wss_guest_becomes_active" time="1.253" /><testcase classname="test_guest_activation_external" name="test_external_wss_rejects_invalid_code" time="0.162" /><testcase classname="test_guest_activation_external" name="test_external_wss_rejects_revoked_code" time="0.312" /><testcase classname="test_lockout.TestLoginLockout" name="test_1_five_wrong_then_429_on_sixth" time="1.752" /><testcase classname="test_lockout.TestLoginLockout" name="test_2_correct_password_blocked_while_locked" time="1.874" /><testcase classname="test_lockout.TestClearOnSuccess" name="test_3_success_resets_counter" time="1.654" /><testcase classname="test_lockout.Test2FALoginLockout" name="test_4_2fa_login_wrong_five_then_429" time="2.085" /><testcase classname="test_lockout.Test2FALoginLockout" name="test_5_2fa_correct_totp_resets_counter" time="1.854" /><testcase classname="test_lockout.Test2FASetupAndDisableLockout" name="test_6_setup_verify_wrong_code_lockout" time="1.072" /><testcase classname="test_lockout.Test2FASetupAndDisableLockout" name="test_7_disable_wrong_code_lockout" time="1.720" /><testcase classname="test_overlay.TestOverlayRestPublic" name="test_overlay_state_no_auth" time="0.435" /><testcase classname="test_overlay.TestOverlayWebSocket" name="test_ws_connect_and_initial_frame" time="0.003" /><testcase classname="test_overlay.TestOverlayWebSocket" name="test_telemetry_updates_via_relay_and_clamp" time="18.323" /><testcase classname="test_setup_and_urls" name="test_setup_status_needs_setup_false" time="0.104" /><testcase classname="test_setup_and_urls" name="test_setup_post_forbidden_when_admin_exists" time="0.100" /><testcase classname="test_setup_and_urls" name="test_login_returns_token_and_cookie" time="0.324" /><testcase classname="test_setup_and_urls" name="test_get_settings_has_url_fields" time="0.358" /><testcase classname="test_setup_and_urls" name="test_put_settings_urls_persists" time="0.173" /><testcase classname="test_setup_and_urls" name="test_put_settings_still_returns_url_fields" time="0.043" /><testcase classname="test_setup_and_urls" name="test_settings_urls_requires_auth" time="0.094" /><testcase classname="test_setup_and_urls" name="test_overlay_state_endpoint" time="0.111" /><testcase classname="test_twofa.TestTwoFA" name="test_1_status_initially_disabled" time="0.421" /><testcase classname="test_twofa.TestTwoFA" name="test_2_setup_start_returns_secret_and_qr" time="0.122" /><testcase classname="test_twofa.TestTwoFA" name="test_3_verify_wrong_code_400" time="0.097" /><testcase classname="test_twofa.TestTwoFA" name="test_4_verify_correct_code_enables" time="0.211" /><testcase classname="test_twofa.TestTwoFA" name="test_5_login_returns_mfa_required" time="0.317" /><testcase classname="test_twofa.TestTwoFA" name="test_6_2fa_login_wrong_code_401" time="0.092" /><testcase classname="test_twofa.TestTwoFA" name="test_7_2fa_login_correct_totp" time="0.100" /><testcase classname="test_twofa.TestTwoFA" name="test_8_recovery_code_works_and_is_single_use" time="0.862" /><testcase classname="test_twofa.TestTwoFA" name="test_9_disable_with_totp" time="0.747" /><testcase classname="test_twofa.TestTwoFA" name="test_10_login_works_without_mfa_after_disable" time="0.352" /></testsuite></testsuites>