<?xml version="1.0" encoding="utf-8"?><testsuites name="pytest tests"><testsuite name="pytest" errors="0" failures="0" skipped="0" tests="10" time="5.341" timestamp="2026-07-30T08:02:04.392297+00:00" hostname="agent-env-892730f4-c8d4-47a1-a14b-d2a3f4a9a969"><testcase classname="test_audit_logs.TestAdminActionsAuditLog" name="test_login_and_code_lifecycle_writes_audit" time="1.047" /><testcase classname="test_audit_logs.TestAdminActionsAuditLog" name="test_settings_urls_session_events" time="0.687" /><testcase classname="test_audit_logs.TestLoginFailedAndLockout" name="test_failed_and_lockout_events" time="0.787" /><testcase classname="test_audit_logs" name="test_ws_session_events" time="1.602" /><testcase classname="test_audit_logs.TestLogFiltering" name="test_category_filter" time="0.090" /><testcase classname="test_audit_logs.TestLogFiltering" name="test_q_filter_matches_target" time="0.440" /><testcase classname="test_audit_logs.TestLogFiltering" name="test_pagination_total_and_skip" time="0.089" /><testcase classname="test_audit_logs.TestExport" name="test_csv_export" time="0.044" /><testcase classname="test_audit_logs.TestExport" name="test_json_export" time="0.044" /><testcase classname="test_audit_logs.TestClearLogs" name="test_delete_clears_and_writes_logs_cleared" time="0.437" /></testsuite></testsuites>