<?xml version="1.0" encoding="utf-8"?><testsuites name="pytest tests"><testsuite name="pytest" errors="0" failures="0" skipped="0" tests="31" time="22.947" timestamp="2026-08-22T09:54:07.401145+00:00" hostname="agent-env-8e58b74a-6d40-4ec7-8dbe-489f7590a281"><testcase classname="test_whep_host_ip_resolution.TestFqdnResolution" name="test_fqdn_host_becomes_ipv4_literal[tg30.ddns.net]" time="2.188" /><testcase classname="test_whep_host_ip_resolution.TestFqdnResolution" name="test_fqdn_host_becomes_ipv4_literal[google.com]" time="0.095" /><testcase classname="test_whep_host_ip_resolution.TestFqdnResolution" name="test_no_fqdn_anywhere_in_host_candidates" time="0.035" /><testcase classname="test_whep_host_ip_resolution.TestLiteralAndLocalhost" name="test_host_rewrite[192.168.1.42-192.168.1.42]" time="0.034" /><testcase classname="test_whep_host_ip_resolution.TestLiteralAndLocalhost" name="test_host_rewrite[10.0.0.5:8080-10.0.0.5]" time="0.039" /><testcase classname="test_whep_host_ip_resolution.TestLiteralAndLocalhost" name="test_host_rewrite[localhost-127.0.0.1]" time="0.034" /><testcase classname="test_whep_host_ip_resolution.TestLiteralAndLocalhost" name="test_host_rewrite[127.0.0.1-127.0.0.1]" time="0.034" /><testcase classname="test_whep_host_ip_resolution.TestLiteralAndLocalhost" name="test_host_rewrite[[::1]:8001-127.0.0.1]" time="0.034" /><testcase classname="test_whep_host_ip_resolution.TestSdpHygiene" name="test_answer_uses_crlf_only" time="0.033" /><testcase classname="test_whep_host_ip_resolution.TestSdpHygiene" name="test_srflx_candidates_untouched" time="0.034" /><testcase classname="test_whep_host_ip_resolution.TestSdpHygiene" name="test_unresolvable_host_leaves_candidates_untouched" time="0.073" /><testcase classname="test_whep_host_ip_resolution.TestWhipHostRewriteLast" name="test_whip_answer_host_rewrite" time="0.170" /><testcase classname="test_stream_whip_whep" name="test_status_idle_baseline" time="0.279" /><testcase classname="test_stream_whip_whep" name="test_whep_before_publisher_returns_409" time="0.194" /><testcase classname="test_stream_whip_whep" name="test_whip_empty_body_returns_400" time="0.103" /><testcase classname="test_stream_whip_whep" name="test_options_preflight" time="0.136" /><testcase classname="test_stream_whip_whep" name="test_full_whip_whep_flow" time="6.129" /><testcase classname="test_stream_whip_whep" name="test_second_publisher_replaces_first" time="6.760" /><testcase classname="test_bugfix_chat_and_whep_host.TestWhepHostRewrite" name="test_whip_returns_201_absolute_location" time="2.048" /><testcase classname="test_bugfix_chat_and_whep_host.TestWhepHostRewrite" name="test_stream_status_reports_publisher" time="0.025" /><testcase classname="test_bugfix_chat_and_whep_host.TestWhepHostRewrite" name="test_whep_rewrites_host_candidates[192.168.99.99-192.168.99.99]" time="0.062" /><testcase classname="test_bugfix_chat_and_whep_host.TestWhepHostRewrite" name="test_whep_rewrites_host_candidates[localhost-127.0.0.1]" time="0.035" /><testcase classname="test_bugfix_chat_and_whep_host.TestWhepHostRewrite" name="test_whep_rewrites_host_candidates[tg30.ddns.net-90.210.68.208]" time="0.054" /><testcase classname="test_bugfix_chat_and_whep_host.TestWhepHostRewrite" name="test_whep_rewrites_host_candidates[192.168.1.42:8080-192.168.1.42]" time="0.035" /><testcase classname="test_bugfix_chat_and_whep_host.TestWhepHostRewrite" name="test_srflx_candidates_untouched" time="0.036" /><testcase classname="test_bugfix_chat_and_whep_host.TestWhepHostRewrite" name="test_whip_answer_rewrites_host_candidates" time="0.067" /><testcase classname="test_bugfix_chat_and_whep_host.TestHostWsChatAfterRefresh" name="test_host_ws_sends_chat_history_and_toys_lock_on_connect" time="0.424" /><testcase classname="test_bugfix_chat_and_whep_host.TestHostWsChatAfterRefresh" name="test_host_chat_immediately_after_connect_broadcasts" time="0.448" /><testcase classname="test_bugfix_chat_and_whep_host.TestToysLockRegression" name="test_lock_fires_toy_stop_and_sets_locked" time="0.575" /><testcase classname="test_bugfix_chat_and_whep_host.TestToysLockRegression" name="test_no_mongo_object_id_leak" time="0.181" /><testcase classname="test_whep_external_url" name="test_whep_via_public_url_returns_ip_literal_candidates" time="2.296" /></testsuite></testsuites>