<?xml version="1.0" encoding="utf-8"?><testsuites name="pytest tests"><testsuite name="pytest" errors="0" failures="0" skipped="0" tests="16" time="3.040" timestamp="2026-08-22T10:25:27.322227+00:00" hostname="agent-env-8e58b74a-6d40-4ec7-8dbe-489f7590a281"><testcase classname="test_stream_ice_stun.TestIceServersParsing" name="test_defaults_contain_both_stun_urls" time="0.000" /><testcase classname="test_stream_ice_stun.TestIceServersParsing" name="test_custom_stun_env_parsed" time="0.000" /><testcase classname="test_stream_ice_stun.TestIceServersParsing" name="test_custom_stun_env_whitespace_and_blanks" time="0.000" /><testcase classname="test_stream_ice_stun.TestIceServersParsing" name="test_empty_stun_env_yields_no_stun_server" time="0.000" /><testcase classname="test_stream_ice_stun.TestIceServersParsing" name="test_turn_env_adds_second_server" time="0.000" /><testcase classname="test_stream_ice_stun.TestIceServersParsing" name="test_turn_without_credentials_still_added" time="0.000" /><testcase classname="test_stream_ice_stun.TestNewPc" name="test_new_pc_has_ice_servers" time="0.004" /><testcase classname="test_stream_ice_stun.TestNewPc" name="test_new_pc_with_turn_env_does_not_raise" time="0.067" /><testcase classname="test_stream_ice_stun.TestNewPc" name="test_call_sites_use_new_pc" time="0.000" /><testcase classname="test_stream_ice_stun.TestWhepWithStun" name="test_whep_returns_201_with_host_candidates" time="2.173" /><testcase classname="test_stream_ice_stun.TestWhepWithStun" name="test_whep_srflx_candidates_reported" time="0.037" /><testcase classname="test_stream_ice_stun.TestWhepWithStun" name="test_literal_host_passthrough" time="0.036" /><testcase classname="test_stream_ice_stun.TestWhepWithStun" name="test_localhost_maps_to_loopback" time="0.036" /><testcase classname="test_stream_ice_stun.TestWhepWithStun" name="test_answer_crlf_only" time="0.036" /><testcase classname="test_stream_ice_stun.TestWhepWithStun" name="test_concurrent_unresolvable_hosts_non_blocking" time="0.225" /><testcase classname="test_stream_ice_stun.TestComposeUdpRange" name="test_udp_range_widened" time="0.094" /></testsuite></testsuites>