<?xml version="1.0" encoding="utf-8"?><testsuites name="pytest tests"><testsuite name="pytest" errors="0" failures="0" skipped="0" tests="51" time="80.906" timestamp="2026-07-29T20:42:47.096851+00:00" hostname="agent-env-892730f4-c8d4-47a1-a14b-d2a3f4a9a969"><testcase classname="backend_test.TestAuth" name="test_login_invalid" time="0.358" /><testcase classname="backend_test.TestAuth" name="test_login_success_and_cookie" time="0.392" /><testcase classname="backend_test.TestAuth" name="test_me_requires_auth" time="0.105" /><testcase classname="backend_test.TestAuth" name="test_me_with_bearer" time="0.387" /><testcase classname="backend_test.TestCodes" name="test_create_code" time="0.053" /><testcase classname="backend_test.TestCodes" name="test_list_contains_created" time="0.047" /><testcase classname="backend_test.TestCodes" name="test_validate_public_valid" time="0.109" /><testcase classname="backend_test.TestCodes" name="test_validate_unknown" time="0.103" /><testcase classname="backend_test.TestCodes" name="test_add_minutes" time="0.058" /><testcase classname="backend_test.TestCodes" name="test_revoke" time="0.161" /><testcase classname="backend_test.TestCodes" name="test_add_minutes_unrevokes" time="0.161" /><testcase classname="backend_test.TestCodes" name="test_delete" time="0.168" /><testcase classname="backend_test.TestCodes" name="test_minutes_validation" time="0.051" /><testcase classname="backend_test.TestSession" name="test_state_requires_auth" time="0.117" /><testcase classname="backend_test.TestSession" name="test_state" time="0.051" /><testcase classname="backend_test.TestSession" name="test_stop" time="0.056" /><testcase classname="backend_test.TestSession" name="test_skip" time="0.055" /><testcase classname="backend_test" name="test_ws_relay_and_validation" time="2.115" /><testcase classname="backend_test" name="test_ws_queue_promotion" time="0.196" /><testcase classname="backend_test" name="test_ws_time_expiry" time="2.247" /><testcase classname="backend_test" name="test_ws_rejects_invalid_code" time="0.004" /><testcase classname="backend_test.TestSettings" name="test_get_settings_requires_auth" time="0.142" /><testcase classname="backend_test.TestSettings" name="test_get_default_settings" time="0.051" /><testcase classname="backend_test.TestSettings" name="test_put_settings_persists_and_reflects_in_session_state" time="0.154" /><testcase classname="backend_test.TestSettings" name="test_put_settings_validation" time="0.102" /><testcase classname="backend_test.TestSettings" name="test_reset_settings" time="0.052" /><testcase classname="backend_test" name="test_ws_clamp_depth_and_speed" time="0.234" /><testcase classname="test_guest_activation_external" name="test_access_get_external_valid_and_invalid" time="0.897" /><testcase classname="test_guest_activation_external" name="test_external_wss_guest_becomes_active" time="0.525" /><testcase classname="test_guest_activation_external" name="test_external_wss_rejects_invalid_code" time="0.195" /><testcase classname="test_guest_activation_external" name="test_external_wss_rejects_revoked_code" time="0.346" /><testcase classname="test_lockout.TestLoginLockout" name="test_1_five_wrong_then_429_on_sixth" time="1.823" /><testcase classname="test_lockout.TestLoginLockout" name="test_2_correct_password_blocked_while_locked" time="2.011" /><testcase classname="test_lockout.TestClearOnSuccess" name="test_3_success_resets_counter" time="1.681" /><testcase classname="test_lockout.Test2FALoginLockout" name="test_4_2fa_login_wrong_five_then_429" time="2.289" /><testcase classname="test_lockout.Test2FALoginLockout" name="test_5_2fa_correct_totp_resets_counter" time="1.928" /><testcase classname="test_lockout.Test2FASetupAndDisableLockout" name="test_6_setup_verify_wrong_code_lockout" time="1.146" /><testcase classname="test_lockout.Test2FASetupAndDisableLockout" name="test_7_disable_wrong_code_lockout" time="2.132" /><testcase classname="test_overlay.TestOverlayRestPublic" name="test_overlay_state_no_auth" time="0.448" /><testcase classname="test_overlay.TestOverlayWebSocket" name="test_ws_connect_and_initial_frame" time="0.003" /><testcase classname="test_overlay.TestOverlayWebSocket" name="test_telemetry_updates_via_relay_and_clamp" time="17.721" /><testcase classname="test_twofa.TestTwoFA" name="test_1_status_initially_disabled" time="0.441" /><testcase classname="test_twofa.TestTwoFA" name="test_2_setup_start_returns_secret_and_qr" time="0.126" /><testcase classname="test_twofa.TestTwoFA" name="test_3_verify_wrong_code_400" time="0.180" /><testcase classname="test_twofa.TestTwoFA" name="test_4_verify_correct_code_enables" time="0.358" /><testcase classname="test_twofa.TestTwoFA" name="test_5_login_returns_mfa_required" time="0.335" /><testcase classname="test_twofa.TestTwoFA" name="test_6_2fa_login_wrong_code_401" time="0.116" /><testcase classname="test_twofa.TestTwoFA" name="test_7_2fa_login_correct_totp" time="0.109" /><testcase classname="test_twofa.TestTwoFA" name="test_8_recovery_code_works_and_is_single_use" time="0.874" /><testcase classname="test_twofa.TestTwoFA" name="test_9_disable_with_totp" time="36.918" /><testcase classname="test_twofa.TestTwoFA" name="test_10_login_works_without_mfa_after_disable" time="0.417" /></testsuite></testsuites>