<?xml version="1.0" encoding="utf-8"?><testsuites name="pytest tests"><testsuite name="pytest" errors="0" failures="0" skipped="0" tests="174" time="99.619" timestamp="2026-08-22T10:33:24.079371+00:00" hostname="agent-env-8e58b74a-6d40-4ec7-8dbe-489f7590a281"><testcase classname="backend_test.TestAuth" name="test_login_invalid" time="0.364" /><testcase classname="backend_test.TestAuth" name="test_login_success_and_cookie" time="0.335" /><testcase classname="backend_test.TestAuth" name="test_me_requires_auth" time="0.093" /><testcase classname="backend_test.TestAuth" name="test_me_with_bearer" time="0.350" /><testcase classname="backend_test.TestCodes" name="test_create_code" time="0.084" /><testcase classname="backend_test.TestCodes" name="test_list_contains_created" time="0.040" /><testcase classname="backend_test.TestCodes" name="test_validate_public_valid" time="0.102" /><testcase classname="backend_test.TestCodes" name="test_validate_unknown" time="0.093" /><testcase classname="backend_test.TestCodes" name="test_add_minutes" time="0.042" /><testcase classname="backend_test.TestCodes" name="test_revoke" time="0.182" /><testcase classname="backend_test.TestCodes" name="test_add_minutes_unrevokes" time="0.212" /><testcase classname="backend_test.TestCodes" name="test_delete" time="0.138" /><testcase classname="backend_test.TestCodes" name="test_minutes_validation" time="0.040" /><testcase classname="backend_test.TestSession" name="test_state_requires_auth" time="0.093" /><testcase classname="backend_test.TestSession" name="test_state" time="0.040" /><testcase classname="backend_test.TestSession" name="test_stop" time="0.045" /><testcase classname="backend_test.TestSession" name="test_skip" time="0.045" /><testcase classname="backend_test" name="test_ws_relay_and_validation" time="2.127" /><testcase classname="backend_test" name="test_ws_queue_promotion" time="0.257" /><testcase classname="backend_test" name="test_ws_time_expiry" time="2.444" /><testcase classname="backend_test" name="test_ws_rejects_invalid_code" time="0.004" /><testcase classname="backend_test.TestSettings" name="test_get_settings_requires_auth" time="0.128" /><testcase classname="backend_test.TestSettings" name="test_get_default_settings" time="0.040" /><testcase classname="backend_test.TestSettings" name="test_put_settings_persists_and_reflects_in_session_state" time="0.197" /><testcase classname="backend_test.TestSettings" name="test_put_settings_validation" time="0.120" /><testcase classname="backend_test.TestSettings" name="test_reset_settings" time="0.044" /><testcase classname="backend_test" name="test_ws_clamp_depth_and_speed" time="0.209" /><testcase classname="test_audit_logs.TestAdminActionsAuditLog" name="test_login_and_code_lifecycle_writes_audit" time="0.960" /><testcase classname="test_audit_logs.TestAdminActionsAuditLog" name="test_settings_urls_session_events" time="0.684" /><testcase classname="test_audit_logs.TestLoginFailedAndLockout" name="test_failed_and_lockout_events" time="0.865" /><testcase classname="test_audit_logs" name="test_ws_session_events" time="1.591" /><testcase classname="test_audit_logs.TestLogFiltering" name="test_category_filter" time="0.091" /><testcase classname="test_audit_logs.TestLogFiltering" name="test_q_filter_matches_target" time="0.442" /><testcase classname="test_audit_logs.TestLogFiltering" name="test_pagination_total_and_skip" time="0.105" /><testcase classname="test_audit_logs.TestExport" name="test_csv_export" time="0.052" /><testcase classname="test_audit_logs.TestExport" name="test_json_export" time="0.063" /><testcase classname="test_audit_logs.TestClearLogs" name="test_delete_clears_and_writes_logs_cleared" time="0.443" /><testcase classname="test_bugfix_chat_and_whep_host.TestWhepHostRewrite" name="test_whip_returns_201_absolute_location" time="2.107" /><testcase classname="test_bugfix_chat_and_whep_host.TestWhepHostRewrite" name="test_stream_status_reports_publisher" time="0.026" /><testcase classname="test_bugfix_chat_and_whep_host.TestWhepHostRewrite" name="test_whep_rewrites_host_candidates[192.168.99.99-192.168.99.99]" time="0.038" /><testcase classname="test_bugfix_chat_and_whep_host.TestWhepHostRewrite" name="test_whep_rewrites_host_candidates[localhost-127.0.0.1]" time="0.039" /><testcase classname="test_bugfix_chat_and_whep_host.TestWhepHostRewrite" name="test_whep_rewrites_host_candidates[tg30.ddns.net-90.210.68.208]" time="0.069" /><testcase classname="test_bugfix_chat_and_whep_host.TestWhepHostRewrite" name="test_whep_rewrites_host_candidates[192.168.1.42:8080-192.168.1.42]" time="0.038" /><testcase classname="test_bugfix_chat_and_whep_host.TestWhepHostRewrite" name="test_srflx_candidates_untouched" time="0.033" /><testcase classname="test_bugfix_chat_and_whep_host.TestWhepHostRewrite" name="test_whip_answer_rewrites_host_candidates" time="0.061" /><testcase classname="test_bugfix_chat_and_whep_host.TestHostWsChatAfterRefresh" name="test_host_ws_sends_chat_history_and_toys_lock_on_connect" time="0.328" /><testcase classname="test_bugfix_chat_and_whep_host.TestHostWsChatAfterRefresh" name="test_host_chat_immediately_after_connect_broadcasts" time="0.449" /><testcase classname="test_bugfix_chat_and_whep_host.TestToysLockRegression" name="test_lock_fires_toy_stop_and_sets_locked" time="0.583" /><testcase classname="test_bugfix_chat_and_whep_host.TestToysLockRegression" name="test_no_mongo_object_id_leak" time="0.181" /><testcase classname="test_guest_activation_external" name="test_access_get_external_valid_and_invalid" time="0.872" /><testcase classname="test_guest_activation_external" name="test_external_wss_guest_becomes_active" time="1.315" /><testcase classname="test_guest_activation_external" name="test_external_wss_rejects_invalid_code" time="0.177" /><testcase classname="test_guest_activation_external" name="test_external_wss_rejects_revoked_code" time="0.334" /><testcase classname="test_hr_websocket" name="test_overlay_state_has_hr_keys" time="0.095" /><testcase classname="test_hr_websocket" name="test_ws_hr_rejects_without_token" time="0.149" /><testcase classname="test_hr_websocket" name="test_ws_hr_rejects_bad_token" time="0.142" /><testcase classname="test_hr_websocket" name="test_ws_hr_authenticated_updates_telemetry" time="4.603" /><testcase classname="test_hr_websocket" name="test_ws_hr_disconnect_resets" time="1.822" /><testcase classname="test_hr_websocket" name="test_overlay_ws_receives_hr_frame" time="0.824" /><testcase classname="test_ice_config_delivery.TestDockerComposePassThrough" name="test_compose_parses" time="0.006" /><testcase classname="test_ice_config_delivery.TestDockerComposePassThrough" name="test_key_present_with_default_interpolation[STREAM_STUN_SERVERS]" time="0.003" /><testcase classname="test_ice_config_delivery.TestDockerComposePassThrough" name="test_key_present_with_default_interpolation[STREAM_TURN_URL]" time="0.003" /><testcase classname="test_ice_config_delivery.TestDockerComposePassThrough" name="test_key_present_with_default_interpolation[STREAM_TURN_USERNAME]" time="0.003" /><testcase classname="test_ice_config_delivery.TestDockerComposePassThrough" name="test_key_present_with_default_interpolation[STREAM_TURN_PASSWORD]" time="0.003" /><testcase classname="test_ice_config_delivery.TestEnvExampleDocs" name="test_file_exists" time="0.000" /><testcase classname="test_ice_config_delivery.TestEnvExampleDocs" name="test_commented_example_entry[STREAM_STUN_SERVERS]" time="0.000" /><testcase classname="test_ice_config_delivery.TestEnvExampleDocs" name="test_commented_example_entry[STREAM_TURN_URL]" time="0.000" /><testcase classname="test_ice_config_delivery.TestEnvExampleDocs" name="test_commented_example_entry[STREAM_TURN_USERNAME]" time="0.000" /><testcase classname="test_ice_config_delivery.TestEnvExampleDocs" name="test_commented_example_entry[STREAM_TURN_PASSWORD]" time="0.000" /><testcase classname="test_ice_config_delivery.TestEnvExampleDocs" name="test_mentions_mobile_cgnat_turn_rationale" time="0.000" /><testcase classname="test_ice_config_delivery.TestLogIceConfig" name="test_default_logs_both_public_stun" time="0.001" /><testcase classname="test_ice_config_delivery.TestLogIceConfig" name="test_explicit_empty_stun_warns" time="0.000" /><testcase classname="test_ice_config_delivery.TestLogIceConfig" name="test_turn_credentials_redacted" time="0.000" /><testcase classname="test_ice_config_delivery.TestLogIceConfig" name="test_turns_scheme_also_redacted" time="0.000" /><testcase classname="test_ice_config_delivery.TestServerWiring" name="test_imports_and_calls_log_ice_config" time="0.001" /><testcase classname="test_lockout.TestLoginLockout" name="test_1_five_wrong_then_429_on_sixth" time="1.566" /><testcase classname="test_lockout.TestLoginLockout" name="test_2_correct_password_blocked_while_locked" time="1.464" /><testcase classname="test_lockout.TestClearOnSuccess" name="test_3_success_resets_counter" time="1.353" /><testcase classname="test_lockout.Test2FALoginLockout" name="test_4_2fa_login_wrong_five_then_429" time="1.292" /><testcase classname="test_lockout.Test2FALoginLockout" name="test_5_2fa_correct_totp_resets_counter" time="1.349" /><testcase classname="test_lockout.Test2FASetupAndDisableLockout" name="test_6_setup_verify_wrong_code_lockout" time="0.591" /><testcase classname="test_lockout.Test2FASetupAndDisableLockout" name="test_7_disable_wrong_code_lockout" time="1.063" /><testcase classname="test_overlay.TestOverlayRestPublic" name="test_overlay_state_no_auth" time="0.492" /><testcase classname="test_overlay.TestOverlayWebSocket" name="test_ws_connect_and_initial_frame" time="0.003" /><testcase classname="test_overlay.TestOverlayWebSocket" name="test_telemetry_updates_via_relay_and_clamp" time="17.733" /><testcase classname="test_regression_core" name="test_setup_status" time="0.091" /><testcase classname="test_regression_core" name="test_admin_login_returns_jwt" time="0.324" /><testcase classname="test_regression_core" name="test_overlay_state" time="0.094" /><testcase classname="test_regression_core" name="test_invalid_access_code" time="0.110" /><testcase classname="test_resolver_nonblocking_unit.TestEventLoopNotBlocked" name="test_loop_keeps_ticking_during_slow_lookup" time="1.022" /><testcase classname="test_resolver_nonblocking_unit.TestEventLoopNotBlocked" name="test_five_concurrent_slow_lookups_are_parallel" time="1.002" /><testcase classname="test_resolver_nonblocking_unit.TestTimeoutAndCache" name="test_timeout_returns_none_and_does_not_hang" time="5.001" /><testcase classname="test_resolver_nonblocking_unit.TestTimeoutAndCache" name="test_positive_result_is_cached" time="0.052" /><testcase classname="test_resolver_nonblocking_unit.TestTimeoutAndCache" name="test_negative_result_is_cached" time="0.001" /><testcase classname="test_resolver_nonblocking_unit.TestTimeoutAndCache" name="test_literals_never_hit_dns" time="0.001" /><testcase classname="test_security_hardening.TestSetupRegression" name="test_setup_status_no_setup_needed" time="0.134" /><testcase classname="test_security_hardening.TestSetupRegression" name="test_setup_post_returns_403_not_500" time="0.089" /><testcase classname="test_security_hardening.TestLoginCookie" name="test_login_sets_access_token_cookie" time="0.227" /><testcase classname="test_security_hardening.TestMalformedObjectId" name="test_revoke_malformed_returns_404" time="0.504" /><testcase classname="test_security_hardening.TestMalformedObjectId" name="test_add_minutes_malformed_returns_404" time="0.176" /><testcase classname="test_security_hardening.TestMalformedObjectId" name="test_delete_malformed_returns_404" time="0.211" /><testcase classname="test_security_hardening.TestAccessLockout" name="test_1_valid_code_returns_valid" time="0.193" /><testcase classname="test_security_hardening.TestAccessLockout" name="test_2_valid_code_clears_prior_failures" time="0.967" /><testcase classname="test_security_hardening.TestAccessLockout" name="test_3_five_invalid_then_429_on_sixth" time="0.810" /><testcase classname="test_security_hardening.TestCodeCrudRegression" name="test_full_crud_lifecycle" time="0.321" /><testcase classname="test_security_hardening.TestSettingsRegression" name="test_get_put_settings" time="0.176" /><testcase classname="test_security_hardening.TestTwoFAEnrollReachable" name="test_setup_start_returns_provisioning" time="0.059" /><testcase classname="test_security_hardening.TestTwoFAEnrollReachable" name="test_2fa_status_disabled" time="0.049" /><testcase classname="test_security_hardening.TestAuditLogsRegression" name="test_logs_return_and_category_filter" time="0.484" /><testcase classname="test_setup_and_urls" name="test_setup_status_needs_setup_false" time="0.124" /><testcase classname="test_setup_and_urls" name="test_setup_post_forbidden_when_admin_exists" time="0.096" /><testcase classname="test_setup_and_urls" name="test_login_returns_token_and_cookie" time="0.320" /><testcase classname="test_setup_and_urls" name="test_get_settings_has_url_fields" time="0.368" /><testcase classname="test_setup_and_urls" name="test_put_settings_urls_persists" time="0.196" /><testcase classname="test_setup_and_urls" name="test_put_settings_still_returns_url_fields" time="0.042" /><testcase classname="test_setup_and_urls" name="test_settings_urls_requires_auth" time="0.133" /><testcase classname="test_setup_and_urls" name="test_overlay_state_endpoint" time="0.093" /><testcase classname="test_stream_ice_stun.TestIceServersParsing" name="test_defaults_contain_both_stun_urls" time="0.000" /><testcase classname="test_stream_ice_stun.TestIceServersParsing" name="test_custom_stun_env_parsed" time="0.000" /><testcase classname="test_stream_ice_stun.TestIceServersParsing" name="test_custom_stun_env_whitespace_and_blanks" time="0.000" /><testcase classname="test_stream_ice_stun.TestIceServersParsing" name="test_empty_stun_env_yields_no_stun_server" time="0.000" /><testcase classname="test_stream_ice_stun.TestIceServersParsing" name="test_turn_env_adds_second_server" time="0.000" /><testcase classname="test_stream_ice_stun.TestIceServersParsing" name="test_turn_without_credentials_still_added" time="0.000" /><testcase classname="test_stream_ice_stun.TestNewPc" name="test_new_pc_has_ice_servers" time="0.001" /><testcase classname="test_stream_ice_stun.TestNewPc" name="test_new_pc_with_turn_env_does_not_raise" time="0.468" /><testcase classname="test_stream_ice_stun.TestNewPc" name="test_call_sites_use_new_pc" time="0.000" /><testcase classname="test_stream_ice_stun.TestWhepWithStun" name="test_whep_returns_201_with_host_candidates" time="2.098" /><testcase classname="test_stream_ice_stun.TestWhepWithStun" name="test_whep_srflx_candidates_reported" time="0.035" /><testcase classname="test_stream_ice_stun.TestWhepWithStun" name="test_literal_host_passthrough" time="0.035" /><testcase classname="test_stream_ice_stun.TestWhepWithStun" name="test_localhost_maps_to_loopback" time="0.034" /><testcase classname="test_stream_ice_stun.TestWhepWithStun" name="test_answer_crlf_only" time="0.035" /><testcase classname="test_stream_ice_stun.TestWhepWithStun" name="test_concurrent_unresolvable_hosts_non_blocking" time="0.177" /><testcase classname="test_stream_ice_stun.TestComposeUdpRange" name="test_udp_range_widened" time="0.098" /><testcase classname="test_stream_whip_whep" name="test_status_idle_baseline" time="0.097" /><testcase classname="test_stream_whip_whep" name="test_whep_before_publisher_returns_409" time="0.191" /><testcase classname="test_stream_whip_whep" name="test_whip_empty_body_returns_400" time="0.093" /><testcase classname="test_stream_whip_whep" name="test_options_preflight" time="0.138" /><testcase classname="test_stream_whip_whep" name="test_full_whip_whep_flow" time="6.132" /><testcase classname="test_stream_whip_whep" name="test_second_publisher_replaces_first" time="6.741" /><testcase classname="test_twofa.TestTwoFA" name="test_1_status_initially_disabled" time="0.417" /><testcase classname="test_twofa.TestTwoFA" name="test_2_setup_start_returns_secret_and_qr" time="0.139" /><testcase classname="test_twofa.TestTwoFA" name="test_3_verify_wrong_code_400" time="0.100" /><testcase classname="test_twofa.TestTwoFA" name="test_4_verify_correct_code_enables" time="0.210" /><testcase classname="test_twofa.TestTwoFA" name="test_5_login_returns_mfa_required" time="0.319" /><testcase classname="test_twofa.TestTwoFA" name="test_6_2fa_login_wrong_code_401" time="0.093" /><testcase classname="test_twofa.TestTwoFA" name="test_7_2fa_login_correct_totp" time="0.097" /><testcase classname="test_twofa.TestTwoFA" name="test_8_recovery_code_works_and_is_single_use" time="0.880" /><testcase classname="test_twofa.TestTwoFA" name="test_9_disable_with_totp" time="0.616" /><testcase classname="test_twofa.TestTwoFA" name="test_10_login_works_without_mfa_after_disable" time="0.371" /><testcase classname="test_whep_external_url" name="test_whep_via_public_url_returns_ip_literal_candidates" time="2.324" /><testcase classname="test_whep_host_ip_resolution.TestFqdnResolution" name="test_fqdn_host_becomes_ipv4_literal[tg30.ddns.net]" time="2.148" /><testcase classname="test_whep_host_ip_resolution.TestFqdnResolution" name="test_fqdn_host_becomes_ipv4_literal[google.com]" time="0.066" /><testcase classname="test_whep_host_ip_resolution.TestFqdnResolution" name="test_no_fqdn_anywhere_in_host_candidates" time="0.036" /><testcase classname="test_whep_host_ip_resolution.TestLiteralAndLocalhost" name="test_host_rewrite[192.168.1.42-192.168.1.42]" time="0.036" /><testcase classname="test_whep_host_ip_resolution.TestLiteralAndLocalhost" name="test_host_rewrite[10.0.0.5:8080-10.0.0.5]" time="0.034" /><testcase classname="test_whep_host_ip_resolution.TestLiteralAndLocalhost" name="test_host_rewrite[localhost-127.0.0.1]" time="0.035" /><testcase classname="test_whep_host_ip_resolution.TestLiteralAndLocalhost" name="test_host_rewrite[127.0.0.1-127.0.0.1]" time="0.035" /><testcase classname="test_whep_host_ip_resolution.TestLiteralAndLocalhost" name="test_host_rewrite[[::1]:8001-127.0.0.1]" time="0.035" /><testcase classname="test_whep_host_ip_resolution.TestSdpHygiene" name="test_answer_uses_crlf_only" time="0.035" /><testcase classname="test_whep_host_ip_resolution.TestSdpHygiene" name="test_srflx_candidates_untouched" time="0.034" /><testcase classname="test_whep_host_ip_resolution.TestSdpHygiene" name="test_unresolvable_host_leaves_candidates_untouched" time="0.075" /><testcase classname="test_whep_host_ip_resolution.TestWhipHostRewriteLast" name="test_whip_answer_host_rewrite" time="0.243" /><testcase classname="test_whep_nonblocking_resolver.TestResolverNonBlocking" name="test_five_concurrent_unresolvable_hosts_under_3_5s" time="2.208" /><testcase classname="test_whep_nonblocking_resolver.TestResolverNonBlocking" name="test_unresolvable_host_fails_safe" time="0.062" /><testcase classname="test_whep_nonblocking_resolver.TestResolverNonBlocking" name="test_concurrent_resolvable_and_unresolvable_mix" time="0.132" /><testcase classname="test_whep_nonblocking_resolver.TestDnsCache" name="test_cache_hit_same_ip_within_ttl" time="0.072" /><testcase classname="test_whep_nonblocking_resolver.TestHostRewriteStillHolds" name="test_fqdn_becomes_ipv4_literal" time="0.034" /><testcase classname="test_whep_nonblocking_resolver.TestHostRewriteStillHolds" name="test_literal_and_localhost_rewrite[192.168.1.42-192.168.1.42]" time="0.035" /><testcase classname="test_whep_nonblocking_resolver.TestHostRewriteStillHolds" name="test_literal_and_localhost_rewrite[10.0.0.5:8080-10.0.0.5]" time="0.035" /><testcase classname="test_whep_nonblocking_resolver.TestHostRewriteStillHolds" name="test_literal_and_localhost_rewrite[localhost-127.0.0.1]" time="3.585" /><testcase classname="test_whep_nonblocking_resolver.TestHostRewriteStillHolds" name="test_literal_and_localhost_rewrite[127.0.0.1-127.0.0.1]" time="0.037" /><testcase classname="test_whep_nonblocking_resolver.TestHostRewriteStillHolds" name="test_literal_and_localhost_rewrite[[::1]:8001-127.0.0.1]" time="0.035" /><testcase classname="test_whep_nonblocking_resolver.TestHostRewriteStillHolds" name="test_answer_crlf_preserved" time="0.035" /><testcase classname="test_whep_nonblocking_resolver.TestWhipRewriteLast" name="test_whip_answer_host_rewrite" time="0.194" /></testsuite></testsuites>