<?xml version="1.0" encoding="utf-8"?><testsuites name="pytest tests"><testsuite name="pytest" errors="0" failures="0" skipped="0" tests="16" time="0.322" timestamp="2026-08-22T10:25:21.287020+00:00" hostname="agent-env-8e58b74a-6d40-4ec7-8dbe-489f7590a281"><testcase classname="test_ice_config_delivery.TestDockerComposePassThrough" name="test_compose_parses" time="0.003" /><testcase classname="test_ice_config_delivery.TestDockerComposePassThrough" name="test_key_present_with_default_interpolation[STREAM_STUN_SERVERS]" time="0.003" /><testcase classname="test_ice_config_delivery.TestDockerComposePassThrough" name="test_key_present_with_default_interpolation[STREAM_TURN_URL]" time="0.003" /><testcase classname="test_ice_config_delivery.TestDockerComposePassThrough" name="test_key_present_with_default_interpolation[STREAM_TURN_USERNAME]" time="0.003" /><testcase classname="test_ice_config_delivery.TestDockerComposePassThrough" name="test_key_present_with_default_interpolation[STREAM_TURN_PASSWORD]" time="0.003" /><testcase classname="test_ice_config_delivery.TestEnvExampleDocs" name="test_file_exists" time="0.000" /><testcase classname="test_ice_config_delivery.TestEnvExampleDocs" name="test_commented_example_entry[STREAM_STUN_SERVERS]" time="0.000" /><testcase classname="test_ice_config_delivery.TestEnvExampleDocs" name="test_commented_example_entry[STREAM_TURN_URL]" time="0.000" /><testcase classname="test_ice_config_delivery.TestEnvExampleDocs" name="test_commented_example_entry[STREAM_TURN_USERNAME]" time="0.000" /><testcase classname="test_ice_config_delivery.TestEnvExampleDocs" name="test_commented_example_entry[STREAM_TURN_PASSWORD]" time="0.000" /><testcase classname="test_ice_config_delivery.TestEnvExampleDocs" name="test_mentions_mobile_cgnat_turn_rationale" time="0.000" /><testcase classname="test_ice_config_delivery.TestLogIceConfig" name="test_default_logs_both_public_stun" time="0.000" /><testcase classname="test_ice_config_delivery.TestLogIceConfig" name="test_explicit_empty_stun_warns" time="0.000" /><testcase classname="test_ice_config_delivery.TestLogIceConfig" name="test_turn_credentials_redacted" time="0.000" /><testcase classname="test_ice_config_delivery.TestLogIceConfig" name="test_turns_scheme_also_redacted" time="0.000" /><testcase classname="test_ice_config_delivery.TestServerWiring" name="test_imports_and_calls_log_ice_config" time="0.001" /></testsuite></testsuites>