<?xml version="1.0" encoding="utf-8"?><testsuites name="pytest tests"><testsuite name="pytest" errors="0" failures="0" skipped="0" tests="47" time="44.345" timestamp="2026-07-29T16:53:18.821281+00:00" hostname="agent-env-892730f4-c8d4-47a1-a14b-d2a3f4a9a969"><testcase classname="backend_test.TestAuth" name="test_login_invalid" time="0.509" /><testcase classname="backend_test.TestAuth" name="test_login_success_and_cookie" time="0.340" /><testcase classname="backend_test.TestAuth" name="test_me_requires_auth" time="0.119" /><testcase classname="backend_test.TestAuth" name="test_me_with_bearer" time="0.526" /><testcase classname="backend_test.TestCodes" name="test_create_code" time="0.074" /><testcase classname="backend_test.TestCodes" name="test_list_contains_created" time="0.076" /><testcase classname="backend_test.TestCodes" name="test_validate_public_valid" time="0.133" /><testcase classname="backend_test.TestCodes" name="test_validate_unknown" time="0.118" /><testcase classname="backend_test.TestCodes" name="test_add_minutes" time="0.076" /><testcase classname="backend_test.TestCodes" name="test_revoke" time="0.170" /><testcase classname="backend_test.TestCodes" name="test_add_minutes_unrevokes" time="0.203" /><testcase classname="backend_test.TestCodes" name="test_delete" time="0.207" /><testcase classname="backend_test.TestCodes" name="test_minutes_validation" time="0.080" /><testcase classname="backend_test.TestSession" name="test_state_requires_auth" time="0.114" /><testcase classname="backend_test.TestSession" name="test_state" time="0.079" /><testcase classname="backend_test.TestSession" name="test_stop" time="0.074" /><testcase classname="backend_test.TestSession" name="test_skip" time="0.074" /><testcase classname="backend_test" name="test_ws_relay_and_validation" time="2.162" /><testcase classname="backend_test" name="test_ws_queue_promotion" time="0.314" /><testcase classname="backend_test" name="test_ws_time_expiry" time="2.599" /><testcase classname="backend_test" name="test_ws_rejects_invalid_code" time="0.004" /><testcase classname="backend_test.TestSettings" name="test_get_settings_requires_auth" time="0.141" /><testcase classname="backend_test.TestSettings" name="test_get_default_settings" time="0.073" /><testcase classname="backend_test.TestSettings" name="test_put_settings_persists_and_reflects_in_session_state" time="0.229" /><testcase classname="backend_test.TestSettings" name="test_put_settings_validation" time="0.144" /><testcase classname="backend_test.TestSettings" name="test_reset_settings" time="0.073" /><testcase classname="backend_test" name="test_ws_clamp_depth_and_speed" time="0.292" /><testcase classname="test_lockout.TestLoginLockout" name="test_1_five_wrong_then_429_on_sixth" time="1.875" /><testcase classname="test_lockout.TestLoginLockout" name="test_2_correct_password_blocked_while_locked" time="1.950" /><testcase classname="test_lockout.TestClearOnSuccess" name="test_3_success_resets_counter" time="1.695" /><testcase classname="test_lockout.Test2FALoginLockout" name="test_4_2fa_login_wrong_five_then_429" time="2.321" /><testcase classname="test_lockout.Test2FALoginLockout" name="test_5_2fa_correct_totp_resets_counter" time="2.069" /><testcase classname="test_lockout.Test2FASetupAndDisableLockout" name="test_6_setup_verify_wrong_code_lockout" time="1.234" /><testcase classname="test_lockout.Test2FASetupAndDisableLockout" name="test_7_disable_wrong_code_lockout" time="1.996" /><testcase classname="test_overlay.TestOverlayRestPublic" name="test_overlay_state_no_auth" time="0.463" /><testcase classname="test_overlay.TestOverlayWebSocket" name="test_ws_connect_and_initial_frame" time="0.003" /><testcase classname="test_overlay.TestOverlayWebSocket" name="test_telemetry_updates_via_relay_and_clamp" time="18.054" /><testcase classname="test_twofa.TestTwoFA" name="test_1_status_initially_disabled" time="0.517" /><testcase classname="test_twofa.TestTwoFA" name="test_2_setup_start_returns_secret_and_qr" time="0.143" /><testcase classname="test_twofa.TestTwoFA" name="test_3_verify_wrong_code_400" time="0.125" /><testcase classname="test_twofa.TestTwoFA" name="test_4_verify_correct_code_enables" time="0.231" /><testcase classname="test_twofa.TestTwoFA" name="test_5_login_returns_mfa_required" time="0.362" /><testcase classname="test_twofa.TestTwoFA" name="test_6_2fa_login_wrong_code_401" time="0.111" /><testcase classname="test_twofa.TestTwoFA" name="test_7_2fa_login_correct_totp" time="0.126" /><testcase classname="test_twofa.TestTwoFA" name="test_8_recovery_code_works_and_is_single_use" time="0.871" /><testcase classname="test_twofa.TestTwoFA" name="test_9_disable_with_totp" time="0.709" /><testcase classname="test_twofa.TestTwoFA" name="test_10_login_works_without_mfa_after_disable" time="0.336" /></testsuite></testsuites>