<?xml version="1.0" encoding="utf-8"?><testsuites name="pytest tests"><testsuite name="pytest" errors="0" failures="0" skipped="0" tests="7" time="21.935" timestamp="2026-08-22T17:55:01.448894+00:00" hostname="agent-env-8e58b74a-6d40-4ec7-8dbe-489f7590a281"><testcase classname="test_spectator_link_reactions.TestSpectatorLink" name="test_requires_auth" time="0.176" /><testcase classname="test_spectator_link_reactions.TestSpectatorLink" name="test_creates_or_reuses_view_only_code" time="0.753" /><testcase classname="test_spectator_link_reactions.TestSpectatorLink" name="test_view_only_ws_accepts_and_marks_spectator" time="1.735" /><testcase classname="test_spectator_link_reactions.TestReactions" name="test_guest_reaction_bounces_to_owner_and_guest" time="3.791" /><testcase classname="test_spectator_link_reactions.TestReactions" name="test_rate_limit_and_whitelist" time="6.612" /><testcase classname="test_spectator_link_reactions.TestReactions" name="test_owner_reaction_reaches_guest" time="3.998" /><testcase classname="test_spectator_link_reactions.TestReactions" name="test_view_only_guest_can_react" time="4.799" /></testsuite></testsuites>