<?xml version="1.0" encoding="utf-8"?><testsuites name="pytest tests"><testsuite name="pytest" errors="0" failures="0" skipped="0" tests="59" time="44.928" timestamp="2026-07-30T07:41:24.072731+00:00" hostname="agent-env-892730f4-c8d4-47a1-a14b-d2a3f4a9a969"><testcase classname="backend_test.TestAuth" name="test_login_invalid" time="0.364" /><testcase classname="backend_test.TestAuth" name="test_login_success_and_cookie" time="0.329" /><testcase classname="backend_test.TestAuth" name="test_me_requires_auth" time="0.161" /><testcase classname="backend_test.TestAuth" name="test_me_with_bearer" time="0.374" /><testcase classname="backend_test.TestCodes" name="test_create_code" time="0.045" /><testcase classname="backend_test.TestCodes" name="test_list_contains_created" time="0.046" /><testcase classname="backend_test.TestCodes" name="test_validate_public_valid" time="0.095" /><testcase classname="backend_test.TestCodes" name="test_validate_unknown" time="0.102" /><testcase classname="backend_test.TestCodes" name="test_add_minutes" time="0.046" /><testcase classname="backend_test.TestCodes" name="test_revoke" time="0.140" /><testcase classname="backend_test.TestCodes" name="test_add_minutes_unrevokes" time="0.142" /><testcase classname="backend_test.TestCodes" name="test_delete" time="0.141" /><testcase classname="backend_test.TestCodes" name="test_minutes_validation" time="0.045" /><testcase classname="backend_test.TestSession" name="test_state_requires_auth" time="0.105" /><testcase classname="backend_test.TestSession" name="test_state" time="0.047" /><testcase classname="backend_test.TestSession" name="test_stop" time="0.045" /><testcase classname="backend_test.TestSession" name="test_skip" time="0.049" /><testcase classname="backend_test" name="test_ws_relay_and_validation" time="2.105" /><testcase classname="backend_test" name="test_ws_queue_promotion" time="0.184" /><testcase classname="backend_test" name="test_ws_time_expiry" time="2.153" /><testcase classname="backend_test" name="test_ws_rejects_invalid_code" time="0.004" /><testcase classname="backend_test.TestSettings" name="test_get_settings_requires_auth" time="0.167" /><testcase classname="backend_test.TestSettings" name="test_get_default_settings" time="0.046" /><testcase classname="backend_test.TestSettings" name="test_put_settings_persists_and_reflects_in_session_state" time="0.171" /><testcase classname="backend_test.TestSettings" name="test_put_settings_validation" time="0.086" /><testcase classname="backend_test.TestSettings" name="test_reset_settings" time="0.046" /><testcase classname="backend_test" name="test_ws_clamp_depth_and_speed" time="0.185" /><testcase classname="test_guest_activation_external" name="test_access_get_external_valid_and_invalid" time="0.922" /><testcase classname="test_guest_activation_external" name="test_external_wss_guest_becomes_active" time="0.473" /><testcase classname="test_guest_activation_external" name="test_external_wss_rejects_invalid_code" time="0.191" /><testcase classname="test_guest_activation_external" name="test_external_wss_rejects_revoked_code" time="0.295" /><testcase classname="test_lockout.TestLoginLockout" name="test_1_five_wrong_then_429_on_sixth" time="1.731" /><testcase classname="test_lockout.TestLoginLockout" name="test_2_correct_password_blocked_while_locked" time="1.868" /><testcase classname="test_lockout.TestClearOnSuccess" name="test_3_success_resets_counter" time="1.638" /><testcase classname="test_lockout.Test2FALoginLockout" name="test_4_2fa_login_wrong_five_then_429" time="2.124" /><testcase classname="test_lockout.Test2FALoginLockout" name="test_5_2fa_correct_totp_resets_counter" time="1.940" /><testcase classname="test_lockout.Test2FASetupAndDisableLockout" name="test_6_setup_verify_wrong_code_lockout" time="1.148" /><testcase classname="test_lockout.Test2FASetupAndDisableLockout" name="test_7_disable_wrong_code_lockout" time="1.688" /><testcase classname="test_overlay.TestOverlayRestPublic" name="test_overlay_state_no_auth" time="0.435" /><testcase classname="test_overlay.TestOverlayWebSocket" name="test_ws_connect_and_initial_frame" time="0.003" /><testcase classname="test_overlay.TestOverlayWebSocket" name="test_telemetry_updates_via_relay_and_clamp" time="18.358" /><testcase classname="test_setup_and_urls" name="test_setup_status_needs_setup_false" time="0.107" /><testcase classname="test_setup_and_urls" name="test_setup_post_forbidden_when_admin_exists" time="0.095" /><testcase classname="test_setup_and_urls" name="test_login_returns_token_and_cookie" time="0.319" /><testcase classname="test_setup_and_urls" name="test_get_settings_has_url_fields" time="0.371" /><testcase classname="test_setup_and_urls" name="test_put_settings_urls_persists" time="0.174" /><testcase classname="test_setup_and_urls" name="test_put_settings_still_returns_url_fields" time="0.045" /><testcase classname="test_setup_and_urls" name="test_settings_urls_requires_auth" time="0.100" /><testcase classname="test_setup_and_urls" name="test_overlay_state_endpoint" time="0.098" /><testcase classname="test_twofa.TestTwoFA" name="test_1_status_initially_disabled" time="0.431" /><testcase classname="test_twofa.TestTwoFA" name="test_2_setup_start_returns_secret_and_qr" time="0.107" /><testcase classname="test_twofa.TestTwoFA" name="test_3_verify_wrong_code_400" time="0.105" /><testcase classname="test_twofa.TestTwoFA" name="test_4_verify_correct_code_enables" time="0.206" /><testcase classname="test_twofa.TestTwoFA" name="test_5_login_returns_mfa_required" time="0.324" /><testcase classname="test_twofa.TestTwoFA" name="test_6_2fa_login_wrong_code_401" time="0.108" /><testcase classname="test_twofa.TestTwoFA" name="test_7_2fa_login_correct_totp" time="0.099" /><testcase classname="test_twofa.TestTwoFA" name="test_8_recovery_code_works_and_is_single_use" time="0.846" /><testcase classname="test_twofa.TestTwoFA" name="test_9_disable_with_totp" time="0.641" /><testcase classname="test_twofa.TestTwoFA" name="test_10_login_works_without_mfa_after_disable" time="0.321" /></testsuite></testsuites>