<?xml version="1.0" encoding="utf-8"?><testsuites name="pytest tests"><testsuite name="pytest" errors="0" failures="2" skipped="0" tests="10" time="1.586" timestamp="2026-08-22T11:25:14.773566+00:00" hostname="agent-env-8e58b74a-6d40-4ec7-8dbe-489f7590a281"><testcase classname="test_stream_patch_optin.TestPatchNoOpByDefault" name="test_constants_blank_without_env" time="0.222" /><testcase classname="test_stream_patch_optin.TestPatchNoOpByDefault" name="test_get_component_candidates_untouched" time="0.256" /><testcase classname="test_stream_patch_optin.TestPatchNoOpByDefault" name="test_no_op_when_env_file_loaded" time="0.234" /><testcase classname="test_stream_patch_optin.TestPatchOptIn" name="test_patch_installs_when_env_set" time="0.247" /><testcase classname="test_stream_patch_optin.TestPatchOptIn" name="test_patch_installs_with_public_ip_only" time="0.245" /><testcase classname="test_stream_patch_optin.TestBootstrapOrder" name="test_stream_patch_apply_after_dotenv" time="0.001"><failure message="AssertionError: load_dotenv at line 38 runs AFTER import stream_patch (line 30) / apply() (line 34) — STREAM_UDP_MIN/MAX/STREAM_PUBLIC_IP set in backend/.env are silently ignored.&#10;assert (37 &lt; 29)">tests/test_stream_patch_optin.py:96: in test_stream_patch_apply_after_dotenv
    assert idx_dotenv &lt; idx_import and idx_dotenv &lt; idx_apply, (
E   AssertionError: load_dotenv at line 38 runs AFTER import stream_patch (line 30) / apply() (line 34) — STREAM_UDP_MIN/MAX/STREAM_PUBLIC_IP set in backend/.env are silently ignored.
E   assert (37 &lt; 29)</failure></testcase><testcase classname="test_stream_patch_optin.TestDockerCompose" name="test_stream_env_defaults_blank" time="0.005" /><testcase classname="test_stream_patch_optin.TestDockerCompose" name="test_no_unconditional_udp_port_publish" time="0.000" /><testcase classname="test_stream_patch_optin.TestDockerCompose" name="test_ports_key_is_valid_yaml_type" time="0.000"><failure message="AssertionError: docker-compose backend.ports is null (key present but empty) — `docker compose up` will fail schema validation; comment out the key too.&#10;assert False&#10; +  where False = isinstance(None, list)">tests/test_stream_patch_optin.py:129: in test_ports_key_is_valid_yaml_type
    assert isinstance(backend["ports"], list), (
E   AssertionError: docker-compose backend.ports is null (key present but empty) — `docker compose up` will fail schema validation; comment out the key too.
E   assert False
E    +  where False = isinstance(None, list)</failure></testcase><testcase classname="test_stream_patch_optin.TestPatchFunctionalGather" name="test_host_candidates_use_public_ip_and_port_range" time="0.316" /></testsuite></testsuites>