<?xml version="1.0" encoding="utf-8"?><testsuites name="pytest tests"><testsuite name="pytest" errors="0" failures="0" skipped="0" tests="6" time="7.375" timestamp="2026-08-22T09:53:30.312354+00:00" hostname="agent-env-8e58b74a-6d40-4ec7-8dbe-489f7590a281"><testcase classname="test_resolver_nonblocking_unit.TestEventLoopNotBlocked" name="test_loop_keeps_ticking_during_slow_lookup" time="1.022" /><testcase classname="test_resolver_nonblocking_unit.TestEventLoopNotBlocked" name="test_five_concurrent_slow_lookups_are_parallel" time="1.002" /><testcase classname="test_resolver_nonblocking_unit.TestTimeoutAndCache" name="test_timeout_returns_none_and_does_not_hang" time="5.001" /><testcase classname="test_resolver_nonblocking_unit.TestTimeoutAndCache" name="test_positive_result_is_cached" time="0.052" /><testcase classname="test_resolver_nonblocking_unit.TestTimeoutAndCache" name="test_negative_result_is_cached" time="0.001" /><testcase classname="test_resolver_nonblocking_unit.TestTimeoutAndCache" name="test_literals_never_hit_dns" time="0.001" /></testsuite></testsuites>