<?xml version="1.0" encoding="utf-8"?><testsuites name="pytest tests"><testsuite name="pytest" errors="0" failures="0" skipped="0" tests="68" time="39.140" timestamp="2026-08-22T10:16:43.965004+00:00" hostname="agent-env-8e58b74a-6d40-4ec7-8dbe-489f7590a281"><testcase classname="test_stream_ice_stun.TestIceServersParsing" name="test_defaults_contain_both_stun_urls" time="0.000" /><testcase classname="test_stream_ice_stun.TestIceServersParsing" name="test_custom_stun_env_parsed" time="0.000" /><testcase classname="test_stream_ice_stun.TestIceServersParsing" name="test_custom_stun_env_whitespace_and_blanks" time="0.000" /><testcase classname="test_stream_ice_stun.TestIceServersParsing" name="test_empty_stun_env_yields_no_stun_server" time="0.000" /><testcase classname="test_stream_ice_stun.TestIceServersParsing" name="test_turn_env_adds_second_server" time="0.000" /><testcase classname="test_stream_ice_stun.TestIceServersParsing" name="test_turn_without_credentials_still_added" time="0.000" /><testcase classname="test_stream_ice_stun.TestNewPc" name="test_new_pc_has_ice_servers" time="0.004" /><testcase classname="test_stream_ice_stun.TestNewPc" name="test_new_pc_with_turn_env_does_not_raise" time="0.080" /><testcase classname="test_stream_ice_stun.TestNewPc" name="test_call_sites_use_new_pc" time="0.000" /><testcase classname="test_stream_ice_stun.TestWhepWithStun" name="test_whep_returns_201_with_host_candidates" time="2.130" /><testcase classname="test_stream_ice_stun.TestWhepWithStun" name="test_whep_srflx_candidates_reported" time="0.035" /><testcase classname="test_stream_ice_stun.TestWhepWithStun" name="test_literal_host_passthrough" time="0.035" /><testcase classname="test_stream_ice_stun.TestWhepWithStun" name="test_localhost_maps_to_loopback" time="0.035" /><testcase classname="test_stream_ice_stun.TestWhepWithStun" name="test_answer_crlf_only" time="0.034" /><testcase classname="test_stream_ice_stun.TestWhepWithStun" name="test_concurrent_unresolvable_hosts_non_blocking" time="0.179" /><testcase classname="test_stream_ice_stun.TestComposeUdpRange" name="test_udp_range_widened" time="0.083" /><testcase classname="test_whep_host_ip_resolution.TestFqdnResolution" name="test_fqdn_host_becomes_ipv4_literal[tg30.ddns.net]" time="2.117" /><testcase classname="test_whep_host_ip_resolution.TestFqdnResolution" name="test_fqdn_host_becomes_ipv4_literal[google.com]" time="0.074" /><testcase classname="test_whep_host_ip_resolution.TestFqdnResolution" name="test_no_fqdn_anywhere_in_host_candidates" time="0.034" /><testcase classname="test_whep_host_ip_resolution.TestLiteralAndLocalhost" name="test_host_rewrite[192.168.1.42-192.168.1.42]" time="0.034" /><testcase classname="test_whep_host_ip_resolution.TestLiteralAndLocalhost" name="test_host_rewrite[10.0.0.5:8080-10.0.0.5]" time="0.036" /><testcase classname="test_whep_host_ip_resolution.TestLiteralAndLocalhost" name="test_host_rewrite[localhost-127.0.0.1]" time="0.035" /><testcase classname="test_whep_host_ip_resolution.TestLiteralAndLocalhost" name="test_host_rewrite[127.0.0.1-127.0.0.1]" time="0.035" /><testcase classname="test_whep_host_ip_resolution.TestLiteralAndLocalhost" name="test_host_rewrite[[::1]:8001-127.0.0.1]" time="0.037" /><testcase classname="test_whep_host_ip_resolution.TestSdpHygiene" name="test_answer_uses_crlf_only" time="0.062" /><testcase classname="test_whep_host_ip_resolution.TestSdpHygiene" name="test_srflx_candidates_untouched" time="0.036" /><testcase classname="test_whep_host_ip_resolution.TestSdpHygiene" name="test_unresolvable_host_leaves_candidates_untouched" time="0.073" /><testcase classname="test_whep_host_ip_resolution.TestWhipHostRewriteLast" name="test_whip_answer_host_rewrite" time="0.260" /><testcase classname="test_whep_nonblocking_resolver.TestResolverNonBlocking" name="test_five_concurrent_unresolvable_hosts_under_3_5s" time="2.179" /><testcase classname="test_whep_nonblocking_resolver.TestResolverNonBlocking" name="test_unresolvable_host_fails_safe" time="0.035" /><testcase classname="test_whep_nonblocking_resolver.TestResolverNonBlocking" name="test_concurrent_resolvable_and_unresolvable_mix" time="0.119" /><testcase classname="test_whep_nonblocking_resolver.TestDnsCache" name="test_cache_hit_same_ip_within_ttl" time="0.073" /><testcase classname="test_whep_nonblocking_resolver.TestHostRewriteStillHolds" name="test_fqdn_becomes_ipv4_literal" time="0.072" /><testcase classname="test_whep_nonblocking_resolver.TestHostRewriteStillHolds" name="test_literal_and_localhost_rewrite[192.168.1.42-192.168.1.42]" time="0.034" /><testcase classname="test_whep_nonblocking_resolver.TestHostRewriteStillHolds" name="test_literal_and_localhost_rewrite[10.0.0.5:8080-10.0.0.5]" time="0.035" /><testcase classname="test_whep_nonblocking_resolver.TestHostRewriteStillHolds" name="test_literal_and_localhost_rewrite[localhost-127.0.0.1]" time="0.034" /><testcase classname="test_whep_nonblocking_resolver.TestHostRewriteStillHolds" name="test_literal_and_localhost_rewrite[127.0.0.1-127.0.0.1]" time="0.034" /><testcase classname="test_whep_nonblocking_resolver.TestHostRewriteStillHolds" name="test_literal_and_localhost_rewrite[[::1]:8001-127.0.0.1]" time="0.034" /><testcase classname="test_whep_nonblocking_resolver.TestHostRewriteStillHolds" name="test_answer_crlf_preserved" time="5.066" /><testcase classname="test_whep_nonblocking_resolver.TestWhipRewriteLast" name="test_whip_answer_host_rewrite" time="0.207" /><testcase classname="test_resolver_nonblocking_unit.TestEventLoopNotBlocked" name="test_loop_keeps_ticking_during_slow_lookup" time="1.022" /><testcase classname="test_resolver_nonblocking_unit.TestEventLoopNotBlocked" name="test_five_concurrent_slow_lookups_are_parallel" time="1.003" /><testcase classname="test_resolver_nonblocking_unit.TestTimeoutAndCache" name="test_timeout_returns_none_and_does_not_hang" time="5.001" /><testcase classname="test_resolver_nonblocking_unit.TestTimeoutAndCache" name="test_positive_result_is_cached" time="0.052" /><testcase classname="test_resolver_nonblocking_unit.TestTimeoutAndCache" name="test_negative_result_is_cached" time="0.001" /><testcase classname="test_resolver_nonblocking_unit.TestTimeoutAndCache" name="test_literals_never_hit_dns" time="0.001" /><testcase classname="test_stream_whip_whep" name="test_status_idle_baseline" time="0.301" /><testcase classname="test_stream_whip_whep" name="test_whep_before_publisher_returns_409" time="0.216" /><testcase classname="test_stream_whip_whep" name="test_whip_empty_body_returns_400" time="0.103" /><testcase classname="test_stream_whip_whep" name="test_options_preflight" time="0.139" /><testcase classname="test_stream_whip_whep" name="test_full_whip_whep_flow" time="6.199" /><testcase classname="test_stream_whip_whep" name="test_second_publisher_replaces_first" time="6.701" /><testcase classname="test_bugfix_chat_and_whep_host.TestWhepHostRewrite" name="test_whip_returns_201_absolute_location" time="2.083" /><testcase classname="test_bugfix_chat_and_whep_host.TestWhepHostRewrite" name="test_stream_status_reports_publisher" time="0.025" /><testcase classname="test_bugfix_chat_and_whep_host.TestWhepHostRewrite" name="test_whep_rewrites_host_candidates[192.168.99.99-192.168.99.99]" time="0.035" /><testcase classname="test_bugfix_chat_and_whep_host.TestWhepHostRewrite" name="test_whep_rewrites_host_candidates[localhost-127.0.0.1]" time="0.035" /><testcase classname="test_bugfix_chat_and_whep_host.TestWhepHostRewrite" name="test_whep_rewrites_host_candidates[tg30.ddns.net-90.210.68.208]" time="0.036" /><testcase classname="test_bugfix_chat_and_whep_host.TestWhepHostRewrite" name="test_whep_rewrites_host_candidates[192.168.1.42:8080-192.168.1.42]" time="0.034" /><testcase classname="test_bugfix_chat_and_whep_host.TestWhepHostRewrite" name="test_srflx_candidates_untouched" time="0.033" /><testcase classname="test_bugfix_chat_and_whep_host.TestWhepHostRewrite" name="test_whip_answer_rewrites_host_candidates" time="0.061" /><testcase classname="test_bugfix_chat_and_whep_host.TestHostWsChatAfterRefresh" name="test_host_ws_sends_chat_history_and_toys_lock_on_connect" time="0.379" /><testcase classname="test_bugfix_chat_and_whep_host.TestHostWsChatAfterRefresh" name="test_host_chat_immediately_after_connect_broadcasts" time="0.443" /><testcase classname="test_bugfix_chat_and_whep_host.TestToysLockRegression" name="test_lock_fires_toy_stop_and_sets_locked" time="0.576" /><testcase classname="test_bugfix_chat_and_whep_host.TestToysLockRegression" name="test_no_mongo_object_id_leak" time="0.175" /><testcase classname="test_regression_core" name="test_setup_status" time="0.133" /><testcase classname="test_regression_core" name="test_admin_login_returns_jwt" time="0.313" /><testcase classname="test_regression_core" name="test_overlay_state" time="0.098" /><testcase classname="test_regression_core" name="test_invalid_access_code" time="0.134" /></testsuite></testsuites>