<?xml version="1.0" encoding="utf-8"?><testsuites name="pytest tests"><testsuite name="pytest" errors="0" failures="0" skipped="0" tests="12" time="3.255" timestamp="2026-08-22T09:52:46.737093+00:00" hostname="agent-env-8e58b74a-6d40-4ec7-8dbe-489f7590a281"><testcase classname="test_whep_nonblocking_resolver.TestResolverNonBlocking" name="test_five_concurrent_unresolvable_hosts_under_3_5s" time="2.258" /><testcase classname="test_whep_nonblocking_resolver.TestResolverNonBlocking" name="test_unresolvable_host_fails_safe" time="0.068" /><testcase classname="test_whep_nonblocking_resolver.TestResolverNonBlocking" name="test_concurrent_resolvable_and_unresolvable_mix" time="0.118" /><testcase classname="test_whep_nonblocking_resolver.TestDnsCache" name="test_cache_hit_same_ip_within_ttl" time="0.101" /><testcase classname="test_whep_nonblocking_resolver.TestHostRewriteStillHolds" name="test_fqdn_becomes_ipv4_literal" time="0.085" /><testcase classname="test_whep_nonblocking_resolver.TestHostRewriteStillHolds" name="test_literal_and_localhost_rewrite[192.168.1.42-192.168.1.42]" time="0.034" /><testcase classname="test_whep_nonblocking_resolver.TestHostRewriteStillHolds" name="test_literal_and_localhost_rewrite[10.0.0.5:8080-10.0.0.5]" time="0.034" /><testcase classname="test_whep_nonblocking_resolver.TestHostRewriteStillHolds" name="test_literal_and_localhost_rewrite[localhost-127.0.0.1]" time="0.034" /><testcase classname="test_whep_nonblocking_resolver.TestHostRewriteStillHolds" name="test_literal_and_localhost_rewrite[127.0.0.1-127.0.0.1]" time="0.035" /><testcase classname="test_whep_nonblocking_resolver.TestHostRewriteStillHolds" name="test_literal_and_localhost_rewrite[[::1]:8001-127.0.0.1]" time="0.034" /><testcase classname="test_whep_nonblocking_resolver.TestHostRewriteStillHolds" name="test_answer_crlf_preserved" time="0.033" /><testcase classname="test_whep_nonblocking_resolver.TestWhipRewriteLast" name="test_whip_answer_host_rewrite" time="0.249" /></testsuite></testsuites>