<?xml version="1.0" encoding="utf-8"?><testsuites name="pytest tests"><testsuite name="pytest" errors="0" failures="0" skipped="0" tests="27" time="9.115" timestamp="2026-07-29T15:38:58.132087+00:00" hostname="agent-env-892730f4-c8d4-47a1-a14b-d2a3f4a9a969"><testcase classname="backend_test.TestAuth" name="test_login_invalid" time="0.720" /><testcase classname="backend_test.TestAuth" name="test_login_success_and_cookie" time="0.386" /><testcase classname="backend_test.TestAuth" name="test_me_requires_auth" time="0.131" /><testcase classname="backend_test.TestAuth" name="test_me_with_bearer" time="0.409" /><testcase classname="backend_test.TestCodes" name="test_create_code" time="0.057" /><testcase classname="backend_test.TestCodes" name="test_list_contains_created" time="0.063" /><testcase classname="backend_test.TestCodes" name="test_validate_public_valid" time="0.190" /><testcase classname="backend_test.TestCodes" name="test_validate_unknown" time="0.139" /><testcase classname="backend_test.TestCodes" name="test_add_minutes" time="0.053" /><testcase classname="backend_test.TestCodes" name="test_revoke" time="0.191" /><testcase classname="backend_test.TestCodes" name="test_add_minutes_unrevokes" time="0.183" /><testcase classname="backend_test.TestCodes" name="test_delete" time="0.162" /><testcase classname="backend_test.TestCodes" name="test_minutes_validation" time="0.051" /><testcase classname="backend_test.TestSession" name="test_state_requires_auth" time="0.212" /><testcase classname="backend_test.TestSession" name="test_state" time="0.049" /><testcase classname="backend_test.TestSession" name="test_stop" time="0.053" /><testcase classname="backend_test.TestSession" name="test_skip" time="0.052" /><testcase classname="backend_test" name="test_ws_relay_and_validation" time="2.129" /><testcase classname="backend_test" name="test_ws_queue_promotion" time="0.220" /><testcase classname="backend_test" name="test_ws_time_expiry" time="2.690" /><testcase classname="backend_test" name="test_ws_rejects_invalid_code" time="0.004" /><testcase classname="backend_test.TestSettings" name="test_get_settings_requires_auth" time="0.177" /><testcase classname="backend_test.TestSettings" name="test_get_default_settings" time="0.057" /><testcase classname="backend_test.TestSettings" name="test_put_settings_persists_and_reflects_in_session_state" time="0.164" /><testcase classname="backend_test.TestSettings" name="test_put_settings_validation" time="0.101" /><testcase classname="backend_test.TestSettings" name="test_reset_settings" time="0.047" /><testcase classname="backend_test" name="test_ws_clamp_depth_and_speed" time="0.217" /></testsuite></testsuites>