<?xml version="1.0" encoding="utf-8"?><testsuites name="pytest tests"><testsuite name="pytest" errors="0" failures="0" skipped="0" tests="21" time="7.680" timestamp="2026-07-29T08:47:13.586517+00:00" hostname="agent-env-892730f4-c8d4-47a1-a14b-d2a3f4a9a969"><testcase classname="backend_test.TestAuth" name="test_login_invalid" time="0.458" /><testcase classname="backend_test.TestAuth" name="test_login_success_and_cookie" time="0.419" /><testcase classname="backend_test.TestAuth" name="test_me_requires_auth" time="0.108" /><testcase classname="backend_test.TestAuth" name="test_me_with_bearer" time="0.400" /><testcase classname="backend_test.TestCodes" name="test_create_code" time="0.045" /><testcase classname="backend_test.TestCodes" name="test_list_contains_created" time="0.044" /><testcase classname="backend_test.TestCodes" name="test_validate_public_valid" time="0.100" /><testcase classname="backend_test.TestCodes" name="test_validate_unknown" time="0.308" /><testcase classname="backend_test.TestCodes" name="test_add_minutes" time="0.048" /><testcase classname="backend_test.TestCodes" name="test_revoke" time="0.148" /><testcase classname="backend_test.TestCodes" name="test_add_minutes_unrevokes" time="0.147" /><testcase classname="backend_test.TestCodes" name="test_delete" time="0.164" /><testcase classname="backend_test.TestCodes" name="test_minutes_validation" time="0.048" /><testcase classname="backend_test.TestSession" name="test_state_requires_auth" time="0.093" /><testcase classname="backend_test.TestSession" name="test_state" time="0.044" /><testcase classname="backend_test.TestSession" name="test_stop" time="0.043" /><testcase classname="backend_test.TestSession" name="test_skip" time="0.085" /><testcase classname="backend_test" name="test_ws_relay_and_validation" time="2.109" /><testcase classname="backend_test" name="test_ws_queue_promotion" time="0.221" /><testcase classname="backend_test" name="test_ws_time_expiry" time="2.446" /><testcase classname="backend_test" name="test_ws_rejects_invalid_code" time="0.005" /></testsuite></testsuites>