<?xml version="1.0" encoding="utf-8"?><testsuites name="pytest tests"><testsuite name="pytest" errors="0" failures="0" skipped="0" tests="10" time="16.329" timestamp="2026-08-21T21:30:08.384698+00:00" hostname="agent-env-8e58b74a-6d40-4ec7-8dbe-489f7590a281"><testcase classname="test_stream_whip_whep" name="test_status_idle_baseline" time="0.886" /><testcase classname="test_stream_whip_whep" name="test_whep_before_publisher_returns_409" time="0.274" /><testcase classname="test_stream_whip_whep" name="test_whip_empty_body_returns_400" time="0.146" /><testcase classname="test_stream_whip_whep" name="test_options_preflight" time="0.169" /><testcase classname="test_stream_whip_whep" name="test_full_whip_whep_flow" time="6.763" /><testcase classname="test_stream_whip_whep" name="test_second_publisher_replaces_first" time="7.072" /><testcase classname="test_regression_core" name="test_setup_status" time="0.140" /><testcase classname="test_regression_core" name="test_admin_login_returns_jwt" time="0.433" /><testcase classname="test_regression_core" name="test_overlay_state" time="0.153" /><testcase classname="test_regression_core" name="test_invalid_access_code" time="0.126" /></testsuite></testsuites>