<?xml version="1.0" encoding="utf-8"?><testsuites name="pytest tests"><testsuite name="pytest" errors="0" failures="0" skipped="0" tests="14" time="6.435" timestamp="2026-07-30T15:15:30.636795+00:00" hostname="agent-env-892730f4-c8d4-47a1-a14b-d2a3f4a9a969"><testcase classname="test_security_hardening.TestSetupRegression" name="test_setup_status_no_setup_needed" time="0.291" /><testcase classname="test_security_hardening.TestSetupRegression" name="test_setup_post_returns_403_not_500" time="0.129" /><testcase classname="test_security_hardening.TestLoginCookie" name="test_login_sets_access_token_cookie" time="0.229" /><testcase classname="test_security_hardening.TestMalformedObjectId" name="test_revoke_malformed_returns_404" time="0.707" /><testcase classname="test_security_hardening.TestMalformedObjectId" name="test_add_minutes_malformed_returns_404" time="0.236" /><testcase classname="test_security_hardening.TestMalformedObjectId" name="test_delete_malformed_returns_404" time="0.236" /><testcase classname="test_security_hardening.TestAccessLockout" name="test_1_valid_code_returns_valid" time="0.285" /><testcase classname="test_security_hardening.TestAccessLockout" name="test_2_valid_code_clears_prior_failures" time="1.505" /><testcase classname="test_security_hardening.TestAccessLockout" name="test_3_five_invalid_then_429_on_sixth" time="1.241" /><testcase classname="test_security_hardening.TestCodeCrudRegression" name="test_full_crud_lifecycle" time="0.474" /><testcase classname="test_security_hardening.TestSettingsRegression" name="test_get_put_settings" time="0.247" /><testcase classname="test_security_hardening.TestTwoFAEnrollReachable" name="test_setup_start_returns_provisioning" time="0.079" /><testcase classname="test_security_hardening.TestTwoFAEnrollReachable" name="test_2fa_status_disabled" time="0.074" /><testcase classname="test_security_hardening.TestAuditLogsRegression" name="test_logs_return_and_category_filter" time="0.563" /></testsuite></testsuites>