<?xml version="1.0" encoding="utf-8"?><testsuites name="pytest tests"><testsuite name="pytest" errors="0" failures="0" skipped="0" tests="12" time="3.051" timestamp="2026-08-22T09:44:33.831639+00:00" hostname="agent-env-8e58b74a-6d40-4ec7-8dbe-489f7590a281"><testcase classname="test_whep_host_ip_resolution.TestFqdnResolution" name="test_fqdn_host_becomes_ipv4_literal[tg30.ddns.net]" time="2.234" /><testcase classname="test_whep_host_ip_resolution.TestFqdnResolution" name="test_fqdn_host_becomes_ipv4_literal[google.com]" time="0.079" /><testcase classname="test_whep_host_ip_resolution.TestFqdnResolution" name="test_no_fqdn_anywhere_in_host_candidates" time="0.035" /><testcase classname="test_whep_host_ip_resolution.TestLiteralAndLocalhost" name="test_host_rewrite[192.168.1.42-192.168.1.42]" time="0.035" /><testcase classname="test_whep_host_ip_resolution.TestLiteralAndLocalhost" name="test_host_rewrite[10.0.0.5:8080-10.0.0.5]" time="0.035" /><testcase classname="test_whep_host_ip_resolution.TestLiteralAndLocalhost" name="test_host_rewrite[localhost-127.0.0.1]" time="0.035" /><testcase classname="test_whep_host_ip_resolution.TestLiteralAndLocalhost" name="test_host_rewrite[127.0.0.1-127.0.0.1]" time="0.035" /><testcase classname="test_whep_host_ip_resolution.TestLiteralAndLocalhost" name="test_host_rewrite[[::1]:8001-127.0.0.1]" time="0.034" /><testcase classname="test_whep_host_ip_resolution.TestSdpHygiene" name="test_answer_uses_crlf_only" time="0.034" /><testcase classname="test_whep_host_ip_resolution.TestSdpHygiene" name="test_srflx_candidates_untouched" time="0.034" /><testcase classname="test_whep_host_ip_resolution.TestSdpHygiene" name="test_unresolvable_host_leaves_candidates_untouched" time="0.095" /><testcase classname="test_whep_host_ip_resolution.TestWhipHostRewriteLast" name="test_whip_answer_host_rewrite" time="0.198" /></testsuite></testsuites>